2017/02/24 19:52:26 [error] [exception.CHttpException.404] exception 'CHttpException' with message 'Unable to resolve the request "r/gii".' in /var/www/html/yii/framework/web/CWebApplication.php:286
Stack trace:
#0 /var/www/html/yii/framework/web/CWebApplication.php(141): CWebApplication->runController('r/gii')
#1 /var/www/html/yii/framework/base/CApplication.php(185): CWebApplication->processRequest()
#2 /var/www/html/yii/desafio/index.php(13): CApplication->run()
#3 {main}
REQUEST_URI=/index.php?r=r/gii
---
2017/02/24 20:03:21 [error] [exception.CHttpException.404] exception 'CHttpException' with message 'Unable to resolve the request "r/gii".' in /var/www/html/yii/framework/web/CWebApplication.php:286
Stack trace:
#0 /var/www/html/yii/framework/web/CWebApplication.php(141): CWebApplication->runController('r/gii')
#1 /var/www/html/yii/framework/base/CApplication.php(185): CWebApplication->processRequest()
#2 /var/www/html/yii/desafio/index.php(13): CApplication->run()
#3 {main}
REQUEST_URI=/index.php?r=r/gii
---
2017/02/24 20:10:45 [error] [exception.CHttpException.404] exception 'CHttpException' with message 'Unable to resolve the request "users".' in /var/www/html/yii/framework/web/CWebApplication.php:286
Stack trace:
#0 /var/www/html/yii/framework/web/CWebApplication.php(141): CWebApplication->runController('users')
#1 /var/www/html/yii/framework/base/CApplication.php(185): CWebApplication->processRequest()
#2 /var/www/html/yii/desafio/index.php(13): CApplication->run()
#3 {main}
REQUEST_URI=/index.php?r=users
---
2017/02/24 20:10:55 [error] [exception.CHttpException.404] exception 'CHttpException' with message 'Unable to resolve the request "user".' in /var/www/html/yii/framework/web/CWebApplication.php:286
Stack trace:
#0 /var/www/html/yii/framework/web/CWebApplication.php(141): CWebApplication->runController('user')
#1 /var/www/html/yii/framework/base/CApplication.php(185): CWebApplication->processRequest()
#2 /var/www/html/yii/desafio/index.php(13): CApplication->run()
#3 {main}
REQUEST_URI=/index.php?r=user
---
2017/02/24 20:20:33 [error] [system.db.CDbCommand] CDbCommand::execute() failed: SQLSTATE[22007]: Invalid datetime format: 7 ERROR:  invalid input syntax for type timestamp: ""
LINE 1: ...e", "password", "created_at") VALUES ('teste', 'teste2', '')
                                                                    ^. The SQL statement executed was: INSERT INTO "users" ("username", "password", "created_at") VALUES (:yp0, :yp1, :yp2).
in /var/www/html/yii/desafio/protected/controllers/UserController.php (73)
in /var/www/html/yii/desafio/index.php (13)
2017/02/24 20:20:33 [error] [exception.CDbException] exception 'CDbException' with message 'CDbCommand failed to execute the SQL statement: SQLSTATE[22007]: Invalid datetime format: 7 ERROR:  invalid input syntax for type timestamp: ""
LINE 1: ...e", "password", "created_at") VALUES ('teste', 'teste2', '')
                                                                    ^. The SQL statement executed was: INSERT INTO "users" ("username", "password", "created_at") VALUES (:yp0, :yp1, :yp2)' in /var/www/html/yii/framework/db/CDbCommand.php:358
Stack trace:
#0 /var/www/html/yii/framework/db/ar/CActiveRecord.php(1083): CDbCommand->execute()
#1 /var/www/html/yii/framework/db/ar/CActiveRecord.php(811): CActiveRecord->insert(NULL)
#2 /var/www/html/yii/desafio/protected/controllers/UserController.php(73): CActiveRecord->save()
#3 /var/www/html/yii/framework/web/actions/CInlineAction.php(49): UserController->actionCreate()
#4 /var/www/html/yii/framework/web/CController.php(308): CInlineAction->runWithParams(Array)
#5 /var/www/html/yii/framework/web/filters/CFilterChain.php(134): CController->runAction(Object(CInlineAction))
#6 /var/www/html/yii/framework/web/filters/CFilter.php(40): CFilterChain->run()
#7 /var/www/html/yii/framework/web/CController.php(1148): CFilter->filter(Object(CFilterChain))
#8 /var/www/html/yii/framework/web/filters/CInlineFilter.php(58): CController->filterAccessControl(Object(CFilterChain))
#9 /var/www/html/yii/framework/web/filters/CFilterChain.php(131): CInlineFilter->filter(Object(CFilterChain))
#10 /var/www/html/yii/framework/web/CController.php(291): CFilterChain->run()
#11 /var/www/html/yii/framework/web/CController.php(265): CController->runActionWithFilters(Object(CInlineAction), Array)
#12 /var/www/html/yii/framework/web/CWebApplication.php(282): CController->run('create')
#13 /var/www/html/yii/framework/web/CWebApplication.php(141): CWebApplication->runController('user/create')
#14 /var/www/html/yii/framework/base/CApplication.php(185): CWebApplication->processRequest()
#15 /var/www/html/yii/desafio/index.php(13): CApplication->run()
#16 {main}
REQUEST_URI=/index.php?r=user/create
HTTP_REFERER=http://localhost:8003/index.php?r=user/create
---
2017/02/25 18:56:59 [error] [exception.CException] exception 'CException' with message 'Alias "application.components.UserLevel" is invalid. Make sure it points to an existing PHP file and the file is readable.' in /var/www/html/yii/framework/YiiBase.php:323
Stack trace:
#0 /var/www/html/yii/framework/YiiBase.php(197): YiiBase::import('application.com...', true)
#1 /var/www/html/yii/framework/base/CModule.php(393): YiiBase::createComponent(Array)
#2 /var/www/html/yii/framework/base/CModule.php(103): CModule->getComponent('user')
#3 /var/www/html/yii/desafio/protected/models/LoginForm.php(73): CModule->__get('user')
#4 /var/www/html/yii/desafio/protected/controllers/SiteController.php(94): LoginForm->login()
#5 /var/www/html/yii/framework/web/actions/CInlineAction.php(49): SiteController->actionLogin()
#6 /var/www/html/yii/framework/web/CController.php(308): CInlineAction->runWithParams(Array)
#7 /var/www/html/yii/framework/web/CController.php(286): CController->runAction(Object(CInlineAction))
#8 /var/www/html/yii/framework/web/CController.php(265): CController->runActionWithFilters(Object(CInlineAction), Array)
#9 /var/www/html/yii/framework/web/CWebApplication.php(282): CController->run('login')
#10 /var/www/html/yii/framework/web/CWebApplication.php(141): CWebApplication->runController('site/login')
#11 /var/www/html/yii/framework/base/CApplication.php(185): CWebApplication->processRequest()
#12 /var/www/html/yii/desafio/index.php(13): CApplication->run()
#13 {main}
REQUEST_URI=/index.php?r=site/login
HTTP_REFERER=http://localhost:8003/index.php?r=site/login
---
2017/02/25 19:16:33 [error] [exception.CHttpException.404] exception 'CHttpException' with message 'Unable to resolve the request "post/index".' in /var/www/html/yii/framework/web/CWebApplication.php:286
Stack trace:
#0 /var/www/html/yii/framework/web/CWebApplication.php(141): CWebApplication->runController('post/index')
#1 /var/www/html/yii/framework/base/CApplication.php(185): CWebApplication->processRequest()
#2 /var/www/html/yii/desafio/index.php(13): CApplication->run()
#3 {main}
REQUEST_URI=/index.php?r=post/index
HTTP_REFERER=http://localhost:8003/index.php?r=site/contact
---
2017/02/25 19:28:30 [error] [exception.CException] exception 'CException' with message 'Property "Administrador.level" is not defined.' in /var/www/html/yii/framework/base/CComponent.php:130
Stack trace:
#0 /var/www/html/yii/framework/db/ar/CActiveRecord.php(145): CComponent->__get('level')
#1 /var/www/html/yii/desafio/protected/components/UserLevel.php(11): CActiveRecord->__get('level')
#2 /var/www/html/yii/framework/base/CComponent.php(614) : eval()'d code(1): UserLevel->isInRole('ADMIN')
#3 /var/www/html/yii/framework/base/CComponent.php(614): eval()
#4 /var/www/html/yii/framework/web/auth/CAccessControlFilter.php(393): CComponent->evaluateExpression('Yii::app()->use...', Array)
#5 /var/www/html/yii/framework/web/auth/CAccessControlFilter.php(289): CAccessRule->isExpressionMatched(Object(UserLevel))
#6 /var/www/html/yii/framework/web/auth/CAccessControlFilter.php(138): CAccessRule->isUserAllowed(Object(UserLevel), Object(PostController), Object(CInlineAction), '127.0.0.1', 'GET')
#7 /var/www/html/yii/framework/web/filters/CFilter.php(38): CAccessControlFilter->preFilter(Object(CFilterChain))
#8 /var/www/html/yii/framework/web/CController.php(1148): CFilter->filter(Object(CFilterChain))
#9 /var/www/html/yii/framework/web/filters/CInlineFilter.php(58): CController->filterAccessControl(Object(CFilterChain))
#10 /var/www/html/yii/framework/web/filters/CFilterChain.php(131): CInlineFilter->filter(Object(CFilterChain))
#11 /var/www/html/yii/framework/web/CController.php(291): CFilterChain->run()
#12 /var/www/html/yii/framework/web/CController.php(265): CController->runActionWithFilters(Object(CInlineAction), Array)
#13 /var/www/html/yii/framework/web/CWebApplication.php(282): CController->run('create')
#14 /var/www/html/yii/framework/web/CWebApplication.php(141): CWebApplication->runController('post/create')
#15 /var/www/html/yii/framework/base/CApplication.php(185): CWebApplication->processRequest()
#16 /var/www/html/yii/desafio/index.php(13): CApplication->run()
#17 {main}
REQUEST_URI=/index.php?r=post/create
HTTP_REFERER=http://localhost:8003/index.php?r=post/index
---
2017/02/25 19:32:06 [error] [exception.CException] exception 'CException' with message 'Property "Administrador.level" is not defined.' in /var/www/html/yii/framework/base/CComponent.php:130
Stack trace:
#0 /var/www/html/yii/framework/db/ar/CActiveRecord.php(145): CComponent->__get('level')
#1 /var/www/html/yii/desafio/protected/components/UserLevel.php(11): CActiveRecord->__get('level')
#2 /var/www/html/yii/framework/base/CComponent.php(614) : eval()'d code(1): UserLevel->isInRole('ADMIN')
#3 /var/www/html/yii/framework/base/CComponent.php(614): eval()
#4 /var/www/html/yii/framework/web/auth/CAccessControlFilter.php(393): CComponent->evaluateExpression('Yii::app()->use...', Array)
#5 /var/www/html/yii/framework/web/auth/CAccessControlFilter.php(289): CAccessRule->isExpressionMatched(Object(UserLevel))
#6 /var/www/html/yii/framework/web/auth/CAccessControlFilter.php(138): CAccessRule->isUserAllowed(Object(UserLevel), Object(PostController), Object(CInlineAction), '127.0.0.1', 'GET')
#7 /var/www/html/yii/framework/web/filters/CFilter.php(38): CAccessControlFilter->preFilter(Object(CFilterChain))
#8 /var/www/html/yii/framework/web/CController.php(1148): CFilter->filter(Object(CFilterChain))
#9 /var/www/html/yii/framework/web/filters/CInlineFilter.php(58): CController->filterAccessControl(Object(CFilterChain))
#10 /var/www/html/yii/framework/web/filters/CFilterChain.php(131): CInlineFilter->filter(Object(CFilterChain))
#11 /var/www/html/yii/framework/web/CController.php(291): CFilterChain->run()
#12 /var/www/html/yii/framework/web/CController.php(265): CController->runActionWithFilters(Object(CInlineAction), Array)
#13 /var/www/html/yii/framework/web/CWebApplication.php(282): CController->run('create')
#14 /var/www/html/yii/framework/web/CWebApplication.php(141): CWebApplication->runController('post/create')
#15 /var/www/html/yii/framework/base/CApplication.php(185): CWebApplication->processRequest()
#16 /var/www/html/yii/desafio/index.php(13): CApplication->run()
#17 {main}
REQUEST_URI=/index.php?r=post/create
---
2017/02/25 19:38:35 [error] [exception.CHttpException.403] exception 'CHttpException' with message 'You are not authorized to perform this action.' in /var/www/html/yii/framework/web/auth/CAccessControlFilter.php:183
Stack trace:
#0 /var/www/html/yii/framework/web/auth/CAccessControlFilter.php(145): CAccessControlFilter->accessDenied(Object(UserLevel), 'You are not aut...')
#1 /var/www/html/yii/framework/web/filters/CFilter.php(38): CAccessControlFilter->preFilter(Object(CFilterChain))
#2 /var/www/html/yii/framework/web/CController.php(1148): CFilter->filter(Object(CFilterChain))
#3 /var/www/html/yii/framework/web/filters/CInlineFilter.php(58): CController->filterAccessControl(Object(CFilterChain))
#4 /var/www/html/yii/framework/web/filters/CFilterChain.php(131): CInlineFilter->filter(Object(CFilterChain))
#5 /var/www/html/yii/framework/web/CController.php(291): CFilterChain->run()
#6 /var/www/html/yii/framework/web/CController.php(265): CController->runActionWithFilters(Object(CInlineAction), Array)
#7 /var/www/html/yii/framework/web/CWebApplication.php(282): CController->run('admin')
#8 /var/www/html/yii/framework/web/CWebApplication.php(141): CWebApplication->runController('post/admin')
#9 /var/www/html/yii/framework/base/CApplication.php(185): CWebApplication->processRequest()
#10 /var/www/html/yii/desafio/index.php(13): CApplication->run()
#11 {main}
REQUEST_URI=/index.php?r=post/admin
HTTP_REFERER=http://localhost:8003/index.php?r=site/login
---
2017/02/25 19:38:48 [error] [exception.CHttpException.403] exception 'CHttpException' with message 'You are not authorized to perform this action.' in /var/www/html/yii/framework/web/auth/CAccessControlFilter.php:183
Stack trace:
#0 /var/www/html/yii/framework/web/auth/CAccessControlFilter.php(145): CAccessControlFilter->accessDenied(Object(UserLevel), 'You are not aut...')
#1 /var/www/html/yii/framework/web/filters/CFilter.php(38): CAccessControlFilter->preFilter(Object(CFilterChain))
#2 /var/www/html/yii/framework/web/CController.php(1148): CFilter->filter(Object(CFilterChain))
#3 /var/www/html/yii/framework/web/filters/CInlineFilter.php(58): CController->filterAccessControl(Object(CFilterChain))
#4 /var/www/html/yii/framework/web/filters/CFilterChain.php(131): CInlineFilter->filter(Object(CFilterChain))
#5 /var/www/html/yii/framework/web/CController.php(291): CFilterChain->run()
#6 /var/www/html/yii/framework/web/CController.php(265): CController->runActionWithFilters(Object(CInlineAction), Array)
#7 /var/www/html/yii/framework/web/CWebApplication.php(282): CController->run('admin')
#8 /var/www/html/yii/framework/web/CWebApplication.php(141): CWebApplication->runController('post/admin')
#9 /var/www/html/yii/framework/base/CApplication.php(185): CWebApplication->processRequest()
#10 /var/www/html/yii/desafio/index.php(13): CApplication->run()
#11 {main}
REQUEST_URI=/index.php?r=post/admin
---
2017/02/25 19:39:02 [error] [exception.CHttpException.403] exception 'CHttpException' with message 'You are not authorized to perform this action.' in /var/www/html/yii/framework/web/auth/CAccessControlFilter.php:183
Stack trace:
#0 /var/www/html/yii/framework/web/auth/CAccessControlFilter.php(145): CAccessControlFilter->accessDenied(Object(UserLevel), 'You are not aut...')
#1 /var/www/html/yii/framework/web/filters/CFilter.php(38): CAccessControlFilter->preFilter(Object(CFilterChain))
#2 /var/www/html/yii/framework/web/CController.php(1148): CFilter->filter(Object(CFilterChain))
#3 /var/www/html/yii/framework/web/filters/CInlineFilter.php(58): CController->filterAccessControl(Object(CFilterChain))
#4 /var/www/html/yii/framework/web/filters/CFilterChain.php(131): CInlineFilter->filter(Object(CFilterChain))
#5 /var/www/html/yii/framework/web/CController.php(291): CFilterChain->run()
#6 /var/www/html/yii/framework/web/CController.php(265): CController->runActionWithFilters(Object(CInlineAction), Array)
#7 /var/www/html/yii/framework/web/CWebApplication.php(282): CController->run('create')
#8 /var/www/html/yii/framework/web/CWebApplication.php(141): CWebApplication->runController('post/create')
#9 /var/www/html/yii/framework/base/CApplication.php(185): CWebApplication->processRequest()
#10 /var/www/html/yii/desafio/index.php(13): CApplication->run()
#11 {main}
REQUEST_URI=/index.php?r=post/create
HTTP_REFERER=http://localhost:8003/index.php?r=post/index
---
2017/02/25 19:39:07 [error] [exception.CHttpException.403] exception 'CHttpException' with message 'You are not authorized to perform this action.' in /var/www/html/yii/framework/web/auth/CAccessControlFilter.php:183
Stack trace:
#0 /var/www/html/yii/framework/web/auth/CAccessControlFilter.php(145): CAccessControlFilter->accessDenied(Object(UserLevel), 'You are not aut...')
#1 /var/www/html/yii/framework/web/filters/CFilter.php(38): CAccessControlFilter->preFilter(Object(CFilterChain))
#2 /var/www/html/yii/framework/web/CController.php(1148): CFilter->filter(Object(CFilterChain))
#3 /var/www/html/yii/framework/web/filters/CInlineFilter.php(58): CController->filterAccessControl(Object(CFilterChain))
#4 /var/www/html/yii/framework/web/filters/CFilterChain.php(131): CInlineFilter->filter(Object(CFilterChain))
#5 /var/www/html/yii/framework/web/CController.php(291): CFilterChain->run()
#6 /var/www/html/yii/framework/web/CController.php(265): CController->runActionWithFilters(Object(CInlineAction), Array)
#7 /var/www/html/yii/framework/web/CWebApplication.php(282): CController->run('admin')
#8 /var/www/html/yii/framework/web/CWebApplication.php(141): CWebApplication->runController('post/admin')
#9 /var/www/html/yii/framework/base/CApplication.php(185): CWebApplication->processRequest()
#10 /var/www/html/yii/desafio/index.php(13): CApplication->run()
#11 {main}
REQUEST_URI=/index.php?r=post/admin
HTTP_REFERER=http://localhost:8003/index.php?r=post/index
---
2017/02/25 19:40:12 [error] [exception.CHttpException.403] exception 'CHttpException' with message 'You are not authorized to perform this action.' in /var/www/html/yii/framework/web/auth/CAccessControlFilter.php:183
Stack trace:
#0 /var/www/html/yii/framework/web/auth/CAccessControlFilter.php(145): CAccessControlFilter->accessDenied(Object(UserLevel), 'You are not aut...')
#1 /var/www/html/yii/framework/web/filters/CFilter.php(38): CAccessControlFilter->preFilter(Object(CFilterChain))
#2 /var/www/html/yii/framework/web/CController.php(1148): CFilter->filter(Object(CFilterChain))
#3 /var/www/html/yii/framework/web/filters/CInlineFilter.php(58): CController->filterAccessControl(Object(CFilterChain))
#4 /var/www/html/yii/framework/web/filters/CFilterChain.php(131): CInlineFilter->filter(Object(CFilterChain))
#5 /var/www/html/yii/framework/web/CController.php(291): CFilterChain->run()
#6 /var/www/html/yii/framework/web/CController.php(265): CController->runActionWithFilters(Object(CInlineAction), Array)
#7 /var/www/html/yii/framework/web/CWebApplication.php(282): CController->run('admin')
#8 /var/www/html/yii/framework/web/CWebApplication.php(141): CWebApplication->runController('post/admin')
#9 /var/www/html/yii/framework/base/CApplication.php(185): CWebApplication->processRequest()
#10 /var/www/html/yii/desafio/index.php(13): CApplication->run()
#11 {main}
REQUEST_URI=/index.php?r=post/admin
HTTP_REFERER=http://localhost:8003/index.php?r=post/create
---
2017/02/25 19:41:35 [error] [exception.CHttpException.403] exception 'CHttpException' with message 'You are not authorized to perform this action.' in /var/www/html/yii/framework/web/auth/CAccessControlFilter.php:183
Stack trace:
#0 /var/www/html/yii/framework/web/auth/CAccessControlFilter.php(145): CAccessControlFilter->accessDenied(Object(UserLevel), 'You are not aut...')
#1 /var/www/html/yii/framework/web/filters/CFilter.php(38): CAccessControlFilter->preFilter(Object(CFilterChain))
#2 /var/www/html/yii/framework/web/CController.php(1148): CFilter->filter(Object(CFilterChain))
#3 /var/www/html/yii/framework/web/filters/CInlineFilter.php(58): CController->filterAccessControl(Object(CFilterChain))
#4 /var/www/html/yii/framework/web/filters/CFilterChain.php(131): CInlineFilter->filter(Object(CFilterChain))
#5 /var/www/html/yii/framework/web/CController.php(291): CFilterChain->run()
#6 /var/www/html/yii/framework/web/CController.php(265): CController->runActionWithFilters(Object(CInlineAction), Array)
#7 /var/www/html/yii/framework/web/CWebApplication.php(282): CController->run('admin')
#8 /var/www/html/yii/framework/web/CWebApplication.php(141): CWebApplication->runController('post/admin')
#9 /var/www/html/yii/framework/base/CApplication.php(185): CWebApplication->processRequest()
#10 /var/www/html/yii/desafio/index.php(13): CApplication->run()
#11 {main}
REQUEST_URI=/index.php?r=post/admin
HTTP_REFERER=http://localhost:8003/index.php?r=post/index
---
2017/02/25 19:42:59 [error] [exception.CHttpException.403] exception 'CHttpException' with message 'You are not authorized to perform this action.' in /var/www/html/yii/framework/web/auth/CAccessControlFilter.php:183
Stack trace:
#0 /var/www/html/yii/framework/web/auth/CAccessControlFilter.php(145): CAccessControlFilter->accessDenied(Object(UserLevel), 'You are not aut...')
#1 /var/www/html/yii/framework/web/filters/CFilter.php(38): CAccessControlFilter->preFilter(Object(CFilterChain))
#2 /var/www/html/yii/framework/web/CController.php(1148): CFilter->filter(Object(CFilterChain))
#3 /var/www/html/yii/framework/web/filters/CInlineFilter.php(58): CController->filterAccessControl(Object(CFilterChain))
#4 /var/www/html/yii/framework/web/filters/CFilterChain.php(131): CInlineFilter->filter(Object(CFilterChain))
#5 /var/www/html/yii/framework/web/CController.php(291): CFilterChain->run()
#6 /var/www/html/yii/framework/web/CController.php(265): CController->runActionWithFilters(Object(CInlineAction), Array)
#7 /var/www/html/yii/framework/web/CWebApplication.php(282): CController->run('admin')
#8 /var/www/html/yii/framework/web/CWebApplication.php(141): CWebApplication->runController('post/admin')
#9 /var/www/html/yii/framework/base/CApplication.php(185): CWebApplication->processRequest()
#10 /var/www/html/yii/desafio/index.php(13): CApplication->run()
#11 {main}
REQUEST_URI=/index.php?r=post/admin
HTTP_REFERER=http://localhost:8003/index.php?r=post/index
---
2017/02/25 19:43:07 [error] [exception.CHttpException.403] exception 'CHttpException' with message 'You are not authorized to perform this action.' in /var/www/html/yii/framework/web/auth/CAccessControlFilter.php:183
Stack trace:
#0 /var/www/html/yii/framework/web/auth/CAccessControlFilter.php(145): CAccessControlFilter->accessDenied(Object(UserLevel), 'You are not aut...')
#1 /var/www/html/yii/framework/web/filters/CFilter.php(38): CAccessControlFilter->preFilter(Object(CFilterChain))
#2 /var/www/html/yii/framework/web/CController.php(1148): CFilter->filter(Object(CFilterChain))
#3 /var/www/html/yii/framework/web/filters/CInlineFilter.php(58): CController->filterAccessControl(Object(CFilterChain))
#4 /var/www/html/yii/framework/web/filters/CFilterChain.php(131): CInlineFilter->filter(Object(CFilterChain))
#5 /var/www/html/yii/framework/web/CController.php(291): CFilterChain->run()
#6 /var/www/html/yii/framework/web/CController.php(265): CController->runActionWithFilters(Object(CInlineAction), Array)
#7 /var/www/html/yii/framework/web/CWebApplication.php(282): CController->run('admin')
#8 /var/www/html/yii/framework/web/CWebApplication.php(141): CWebApplication->runController('post/admin')
#9 /var/www/html/yii/framework/base/CApplication.php(185): CWebApplication->processRequest()
#10 /var/www/html/yii/desafio/index.php(13): CApplication->run()
#11 {main}
REQUEST_URI=/index.php?r=post/admin
HTTP_REFERER=http://localhost:8003/index.php?r=post/index
---
2017/02/25 19:54:21 [error] [php] include(Categoria.php): failed to open stream: No such file or directory (/var/www/html/yii/framework/YiiBase.php:432)
Stack trace:
#0 /var/www/html/yii/desafio/protected/views/post/_form.php(42): spl_autoload_call()
#1 /var/www/html/yii/framework/web/CBaseController.php(126): require()
#2 /var/www/html/yii/framework/web/CBaseController.php(95): PostController->renderInternal()
#3 /var/www/html/yii/framework/web/CController.php(872): PostController->renderFile()
#4 /var/www/html/yii/desafio/protected/views/post/create.php(18): PostController->renderPartial()
#5 /var/www/html/yii/framework/web/CBaseController.php(126): require()
#6 /var/www/html/yii/framework/web/CBaseController.php(95): PostController->renderInternal()
#7 /var/www/html/yii/framework/web/CController.php(872): PostController->renderFile()
#8 /var/www/html/yii/framework/web/CController.php(785): PostController->renderPartial()
#9 /var/www/html/yii/desafio/protected/controllers/PostController.php(81): PostController->render()
#10 /var/www/html/yii/framework/web/actions/CInlineAction.php(49): PostController->actionCreate()
#11 /var/www/html/yii/framework/web/CController.php(308): CInlineAction->runWithParams()
#12 /var/www/html/yii/framework/web/filters/CFilterChain.php(134): PostController->runAction()
#13 /var/www/html/yii/framework/web/filters/CFilter.php(40): CFilterChain->run()
#14 /var/www/html/yii/framework/web/CController.php(1148): CAccessControlFilter->filter()
#15 /var/www/html/yii/framework/web/filters/CInlineFilter.php(58): PostController->filterAccessControl()
#16 /var/www/html/yii/framework/web/filters/CFilterChain.php(131): CInlineFilter->filter()
#17 /var/www/html/yii/framework/web/CController.php(291): CFilterChain->run()
#18 /var/www/html/yii/framework/web/CController.php(265): PostController->runActionWithFilters()
#19 /var/www/html/yii/framework/web/CWebApplication.php(282): PostController->run()
#20 /var/www/html/yii/framework/web/CWebApplication.php(141): CWebApplication->runController()
#21 /var/www/html/yii/framework/base/CApplication.php(185): CWebApplication->processRequest()
#22 /var/www/html/yii/desafio/index.php(13): CWebApplication->run()
REQUEST_URI=/index.php?r=post/create
in /var/www/html/yii/desafio/protected/views/post/_form.php (42)
in /var/www/html/yii/desafio/protected/views/post/create.php (18)
in /var/www/html/yii/desafio/protected/controllers/PostController.php (81)
2017/02/25 20:25:08 [error] [system.db.CDbCommand] CDbCommand::fetchColumn() failed: SQLSTATE[22P02]: Invalid text representation: 7 ERROR:  invalid input syntax for integer: "teste"
LINE 1: ...ECT COUNT(*) FROM "posts" "t" WHERE administrador_id='teste'
                                                                ^. The SQL statement executed was: SELECT COUNT(*) FROM "posts" "t" WHERE administrador_id=:ycp0.
in /var/www/html/yii/desafio/protected/views/post/admin.php (58)
in /var/www/html/yii/desafio/protected/controllers/PostController.php (145)
in /var/www/html/yii/desafio/index.php (13)
2017/02/25 20:25:08 [error] [exception.CDbException] exception 'CDbException' with message 'CDbCommand failed to execute the SQL statement: SQLSTATE[22P02]: Invalid text representation: 7 ERROR:  invalid input syntax for integer: "teste"
LINE 1: ...ECT COUNT(*) FROM "posts" "t" WHERE administrador_id='teste'
                                                                ^. The SQL statement executed was: SELECT COUNT(*) FROM "posts" "t" WHERE administrador_id=:ycp0' in /var/www/html/yii/framework/db/CDbCommand.php:543
Stack trace:
#0 /var/www/html/yii/framework/db/CDbCommand.php(433): CDbCommand->queryInternal('fetchColumn', 0, Array)
#1 /var/www/html/yii/framework/db/ar/CActiveRecord.php(1609): CDbCommand->queryScalar()
#2 /var/www/html/yii/framework/web/CActiveDataProvider.php(228): CActiveRecord->count(Object(CDbCriteria))
#3 /var/www/html/yii/framework/web/CDataProvider.php(224): CActiveDataProvider->calculateTotalItemCount()
#4 /var/www/html/yii/framework/web/CActiveDataProvider.php(178): CDataProvider->getTotalItemCount()
#5 /var/www/html/yii/framework/web/CDataProvider.php(168): CActiveDataProvider->fetchData()
#6 /var/www/html/yii/framework/zii/widgets/CBaseListView.php(125): CDataProvider->getData()
#7 /var/www/html/yii/framework/zii/widgets/grid/CGridView.php(339): CBaseListView->init()
#8 /var/www/html/yii/framework/web/CBaseController.php(147): CGridView->init()
#9 /var/www/html/yii/framework/web/CBaseController.php(181): CBaseController->createWidget('zii.widgets.gri...', Array)
#10 /var/www/html/yii/desafio/protected/views/post/admin.php(58): CBaseController->widget('zii.widgets.gri...', Array)
#11 /var/www/html/yii/framework/web/CBaseController.php(126): require('/var/www/html/y...')
#12 /var/www/html/yii/framework/web/CBaseController.php(95): CBaseController->renderInternal('/var/www/html/y...', Array, true)
#13 /var/www/html/yii/framework/web/CController.php(872): CBaseController->renderFile('/var/www/html/y...', Array, true)
#14 /var/www/html/yii/framework/web/CController.php(785): CController->renderPartial('admin', Array, true)
#15 /var/www/html/yii/desafio/protected/controllers/PostController.php(145): CController->render('admin', Array)
#16 /var/www/html/yii/framework/web/actions/CInlineAction.php(49): PostController->actionAdmin()
#17 /var/www/html/yii/framework/web/CController.php(308): CInlineAction->runWithParams(Array)
#18 /var/www/html/yii/framework/web/filters/CFilterChain.php(134): CController->runAction(Object(CInlineAction))
#19 /var/www/html/yii/framework/web/filters/CFilter.php(40): CFilterChain->run()
#20 /var/www/html/yii/framework/web/CController.php(1148): CFilter->filter(Object(CFilterChain))
#21 /var/www/html/yii/framework/web/filters/CInlineFilter.php(58): CController->filterAccessControl(Object(CFilterChain))
#22 /var/www/html/yii/framework/web/filters/CFilterChain.php(131): CInlineFilter->filter(Object(CFilterChain))
#23 /var/www/html/yii/framework/web/CController.php(291): CFilterChain->run()
#24 /var/www/html/yii/framework/web/CController.php(265): CController->runActionWithFilters(Object(CInlineAction), Array)
#25 /var/www/html/yii/framework/web/CWebApplication.php(282): CController->run('admin')
#26 /var/www/html/yii/framework/web/CWebApplication.php(141): CWebApplication->runController('post/admin')
#27 /var/www/html/yii/framework/base/CApplication.php(185): CWebApplication->processRequest()
#28 /var/www/html/yii/desafio/index.php(13): CApplication->run()
#29 {main}
REQUEST_URI=/index.php?r=post/admin
HTTP_REFERER=http://localhost:8003/index.php?r=post/index
---
2017/02/25 20:30:47 [error] [exception.CException] exception 'CException' with message 'Property "Post.123categoria_id" is not defined.' in /var/www/html/yii/framework/base/CComponent.php:130
Stack trace:
#0 /var/www/html/yii/framework/db/ar/CActiveRecord.php(145): CComponent->__get('123categoria_id')
#1 /var/www/html/yii/framework/web/helpers/CHtml.php(2747): CActiveRecord->__get('123categoria_id')
#2 /var/www/html/yii/framework/web/helpers/CHtml.php(2470): CHtml::resolveValue(Object(Post), '123categoria_id')
#3 /var/www/html/yii/framework/web/helpers/CHtml.php(1540): CHtml::activeInputField('text', Object(Post), '123categoria_id', Array)
#4 /var/www/html/yii/framework/zii/widgets/grid/CDataColumn.php(104): CHtml::activeTextField(Object(Post), '123categoria_id', Array)
#5 /var/www/html/yii/framework/zii/widgets/grid/CGridColumn.php(253): CDataColumn->getFilterCellContent()
#6 /var/www/html/yii/framework/zii/widgets/grid/CGridColumn.php(119): CGridColumn->renderFilterCellContent()
#7 /var/www/html/yii/framework/zii/widgets/grid/CGridView.php(539): CGridColumn->renderFilterCell()
#8 /var/www/html/yii/framework/zii/widgets/grid/CGridView.php(517): CGridView->renderFilter()
#9 /var/www/html/yii/framework/zii/widgets/grid/CGridView.php(487): CGridView->renderTableHeader()
#10 /var/www/html/yii/framework/zii/widgets/CBaseListView.php(181): CGridView->renderItems()
#11 [internal function]: CBaseListView->renderSection(Array)
#12 /var/www/html/yii/framework/zii/widgets/CBaseListView.php(164): preg_replace_callback('/{(\w+)}/', Array, '{summary}?{item...')
#13 /var/www/html/yii/framework/zii/widgets/CBaseListView.php(149): CBaseListView->renderContent()
#14 /var/www/html/yii/framework/web/CBaseController.php(182): CBaseListView->run()
#15 /var/www/html/yii/desafio/protected/views/post/admin.php(58): CBaseController->widget('zii.widgets.gri...', Array)
#16 /var/www/html/yii/framework/web/CBaseController.php(126): require('/var/www/html/y...')
#17 /var/www/html/yii/framework/web/CBaseController.php(95): CBaseController->renderInternal('/var/www/html/y...', Array, true)
#18 /var/www/html/yii/framework/web/CController.php(872): CBaseController->renderFile('/var/www/html/y...', Array, true)
#19 /var/www/html/yii/framework/web/CController.php(785): CController->renderPartial('admin', Array, true)
#20 /var/www/html/yii/desafio/protected/controllers/PostController.php(145): CController->render('admin', Array)
#21 /var/www/html/yii/framework/web/actions/CInlineAction.php(49): PostController->actionAdmin()
#22 /var/www/html/yii/framework/web/CController.php(308): CInlineAction->runWithParams(Array)
#23 /var/www/html/yii/framework/web/filters/CFilterChain.php(134): CController->runAction(Object(CInlineAction))
#24 /var/www/html/yii/framework/web/filters/CFilter.php(40): CFilterChain->run()
#25 /var/www/html/yii/framework/web/CController.php(1148): CFilter->filter(Object(CFilterChain))
#26 /var/www/html/yii/framework/web/filters/CInlineFilter.php(58): CController->filterAccessControl(Object(CFilterChain))
#27 /var/www/html/yii/framework/web/filters/CFilterChain.php(131): CInlineFilter->filter(Object(CFilterChain))
#28 /var/www/html/yii/framework/web/CController.php(291): CFilterChain->run()
#29 /var/www/html/yii/framework/web/CController.php(265): CController->runActionWithFilters(Object(CInlineAction), Array)
#30 /var/www/html/yii/framework/web/CWebApplication.php(282): CController->run('admin')
#31 /var/www/html/yii/framework/web/CWebApplication.php(141): CWebApplication->runController('post/admin')
#32 /var/www/html/yii/framework/base/CApplication.php(185): CWebApplication->processRequest()
#33 /var/www/html/yii/desafio/index.php(13): CApplication->run()
#34 {main}
REQUEST_URI=/index.php?r=post/admin
HTTP_REFERER=http://localhost:8003/index.php?r=post/index
---
