2017/02/24 19:52:26 [error] [exception.CHttpException.404] exception 'CHttpException' with message 'Unable to resolve the request "r/gii".' in /var/www/html/yii/framework/web/CWebApplication.php:286
Stack trace:
#0 /var/www/html/yii/framework/web/CWebApplication.php(141): CWebApplication->runController('r/gii')
#1 /var/www/html/yii/framework/base/CApplication.php(185): CWebApplication->processRequest()
#2 /var/www/html/yii/desafio/index.php(13): CApplication->run()
#3 {main}
REQUEST_URI=/index.php?r=r/gii
---
2017/02/24 20:03:21 [error] [exception.CHttpException.404] exception 'CHttpException' with message 'Unable to resolve the request "r/gii".' in /var/www/html/yii/framework/web/CWebApplication.php:286
Stack trace:
#0 /var/www/html/yii/framework/web/CWebApplication.php(141): CWebApplication->runController('r/gii')
#1 /var/www/html/yii/framework/base/CApplication.php(185): CWebApplication->processRequest()
#2 /var/www/html/yii/desafio/index.php(13): CApplication->run()
#3 {main}
REQUEST_URI=/index.php?r=r/gii
---
2017/02/24 20:10:45 [error] [exception.CHttpException.404] exception 'CHttpException' with message 'Unable to resolve the request "users".' in /var/www/html/yii/framework/web/CWebApplication.php:286
Stack trace:
#0 /var/www/html/yii/framework/web/CWebApplication.php(141): CWebApplication->runController('users')
#1 /var/www/html/yii/framework/base/CApplication.php(185): CWebApplication->processRequest()
#2 /var/www/html/yii/desafio/index.php(13): CApplication->run()
#3 {main}
REQUEST_URI=/index.php?r=users
---
2017/02/24 20:10:55 [error] [exception.CHttpException.404] exception 'CHttpException' with message 'Unable to resolve the request "user".' in /var/www/html/yii/framework/web/CWebApplication.php:286
Stack trace:
#0 /var/www/html/yii/framework/web/CWebApplication.php(141): CWebApplication->runController('user')
#1 /var/www/html/yii/framework/base/CApplication.php(185): CWebApplication->processRequest()
#2 /var/www/html/yii/desafio/index.php(13): CApplication->run()
#3 {main}
REQUEST_URI=/index.php?r=user
---
2017/02/24 20:20:33 [error] [system.db.CDbCommand] CDbCommand::execute() failed: SQLSTATE[22007]: Invalid datetime format: 7 ERROR:  invalid input syntax for type timestamp: ""
LINE 1: ...e", "password", "created_at") VALUES ('teste', 'teste2', '')
                                                                    ^. The SQL statement executed was: INSERT INTO "users" ("username", "password", "created_at") VALUES (:yp0, :yp1, :yp2).
in /var/www/html/yii/desafio/protected/controllers/UserController.php (73)
in /var/www/html/yii/desafio/index.php (13)
2017/02/24 20:20:33 [error] [exception.CDbException] exception 'CDbException' with message 'CDbCommand failed to execute the SQL statement: SQLSTATE[22007]: Invalid datetime format: 7 ERROR:  invalid input syntax for type timestamp: ""
LINE 1: ...e", "password", "created_at") VALUES ('teste', 'teste2', '')
                                                                    ^. The SQL statement executed was: INSERT INTO "users" ("username", "password", "created_at") VALUES (:yp0, :yp1, :yp2)' in /var/www/html/yii/framework/db/CDbCommand.php:358
Stack trace:
#0 /var/www/html/yii/framework/db/ar/CActiveRecord.php(1083): CDbCommand->execute()
#1 /var/www/html/yii/framework/db/ar/CActiveRecord.php(811): CActiveRecord->insert(NULL)
#2 /var/www/html/yii/desafio/protected/controllers/UserController.php(73): CActiveRecord->save()
#3 /var/www/html/yii/framework/web/actions/CInlineAction.php(49): UserController->actionCreate()
#4 /var/www/html/yii/framework/web/CController.php(308): CInlineAction->runWithParams(Array)
#5 /var/www/html/yii/framework/web/filters/CFilterChain.php(134): CController->runAction(Object(CInlineAction))
#6 /var/www/html/yii/framework/web/filters/CFilter.php(40): CFilterChain->run()
#7 /var/www/html/yii/framework/web/CController.php(1148): CFilter->filter(Object(CFilterChain))
#8 /var/www/html/yii/framework/web/filters/CInlineFilter.php(58): CController->filterAccessControl(Object(CFilterChain))
#9 /var/www/html/yii/framework/web/filters/CFilterChain.php(131): CInlineFilter->filter(Object(CFilterChain))
#10 /var/www/html/yii/framework/web/CController.php(291): CFilterChain->run()
#11 /var/www/html/yii/framework/web/CController.php(265): CController->runActionWithFilters(Object(CInlineAction), Array)
#12 /var/www/html/yii/framework/web/CWebApplication.php(282): CController->run('create')
#13 /var/www/html/yii/framework/web/CWebApplication.php(141): CWebApplication->runController('user/create')
#14 /var/www/html/yii/framework/base/CApplication.php(185): CWebApplication->processRequest()
#15 /var/www/html/yii/desafio/index.php(13): CApplication->run()
#16 {main}
REQUEST_URI=/index.php?r=user/create
HTTP_REFERER=http://localhost:8003/index.php?r=user/create
---
2017/02/25 18:56:59 [error] [exception.CException] exception 'CException' with message 'Alias "application.components.UserLevel" is invalid. Make sure it points to an existing PHP file and the file is readable.' in /var/www/html/yii/framework/YiiBase.php:323
Stack trace:
#0 /var/www/html/yii/framework/YiiBase.php(197): YiiBase::import('application.com...', true)
#1 /var/www/html/yii/framework/base/CModule.php(393): YiiBase::createComponent(Array)
#2 /var/www/html/yii/framework/base/CModule.php(103): CModule->getComponent('user')
#3 /var/www/html/yii/desafio/protected/models/LoginForm.php(73): CModule->__get('user')
#4 /var/www/html/yii/desafio/protected/controllers/SiteController.php(94): LoginForm->login()
#5 /var/www/html/yii/framework/web/actions/CInlineAction.php(49): SiteController->actionLogin()
#6 /var/www/html/yii/framework/web/CController.php(308): CInlineAction->runWithParams(Array)
#7 /var/www/html/yii/framework/web/CController.php(286): CController->runAction(Object(CInlineAction))
#8 /var/www/html/yii/framework/web/CController.php(265): CController->runActionWithFilters(Object(CInlineAction), Array)
#9 /var/www/html/yii/framework/web/CWebApplication.php(282): CController->run('login')
#10 /var/www/html/yii/framework/web/CWebApplication.php(141): CWebApplication->runController('site/login')
#11 /var/www/html/yii/framework/base/CApplication.php(185): CWebApplication->processRequest()
#12 /var/www/html/yii/desafio/index.php(13): CApplication->run()
#13 {main}
REQUEST_URI=/index.php?r=site/login
HTTP_REFERER=http://localhost:8003/index.php?r=site/login
---
2017/02/25 19:16:33 [error] [exception.CHttpException.404] exception 'CHttpException' with message 'Unable to resolve the request "post/index".' in /var/www/html/yii/framework/web/CWebApplication.php:286
Stack trace:
#0 /var/www/html/yii/framework/web/CWebApplication.php(141): CWebApplication->runController('post/index')
#1 /var/www/html/yii/framework/base/CApplication.php(185): CWebApplication->processRequest()
#2 /var/www/html/yii/desafio/index.php(13): CApplication->run()
#3 {main}
REQUEST_URI=/index.php?r=post/index
HTTP_REFERER=http://localhost:8003/index.php?r=site/contact
---
2017/02/25 19:28:30 [error] [exception.CException] exception 'CException' with message 'Property "Administrador.level" is not defined.' in /var/www/html/yii/framework/base/CComponent.php:130
Stack trace:
#0 /var/www/html/yii/framework/db/ar/CActiveRecord.php(145): CComponent->__get('level')
#1 /var/www/html/yii/desafio/protected/components/UserLevel.php(11): CActiveRecord->__get('level')
#2 /var/www/html/yii/framework/base/CComponent.php(614) : eval()'d code(1): UserLevel->isInRole('ADMIN')
#3 /var/www/html/yii/framework/base/CComponent.php(614): eval()
#4 /var/www/html/yii/framework/web/auth/CAccessControlFilter.php(393): CComponent->evaluateExpression('Yii::app()->use...', Array)
#5 /var/www/html/yii/framework/web/auth/CAccessControlFilter.php(289): CAccessRule->isExpressionMatched(Object(UserLevel))
#6 /var/www/html/yii/framework/web/auth/CAccessControlFilter.php(138): CAccessRule->isUserAllowed(Object(UserLevel), Object(PostController), Object(CInlineAction), '127.0.0.1', 'GET')
#7 /var/www/html/yii/framework/web/filters/CFilter.php(38): CAccessControlFilter->preFilter(Object(CFilterChain))
#8 /var/www/html/yii/framework/web/CController.php(1148): CFilter->filter(Object(CFilterChain))
#9 /var/www/html/yii/framework/web/filters/CInlineFilter.php(58): CController->filterAccessControl(Object(CFilterChain))
#10 /var/www/html/yii/framework/web/filters/CFilterChain.php(131): CInlineFilter->filter(Object(CFilterChain))
#11 /var/www/html/yii/framework/web/CController.php(291): CFilterChain->run()
#12 /var/www/html/yii/framework/web/CController.php(265): CController->runActionWithFilters(Object(CInlineAction), Array)
#13 /var/www/html/yii/framework/web/CWebApplication.php(282): CController->run('create')
#14 /var/www/html/yii/framework/web/CWebApplication.php(141): CWebApplication->runController('post/create')
#15 /var/www/html/yii/framework/base/CApplication.php(185): CWebApplication->processRequest()
#16 /var/www/html/yii/desafio/index.php(13): CApplication->run()
#17 {main}
REQUEST_URI=/index.php?r=post/create
HTTP_REFERER=http://localhost:8003/index.php?r=post/index
---
2017/02/25 19:32:06 [error] [exception.CException] exception 'CException' with message 'Property "Administrador.level" is not defined.' in /var/www/html/yii/framework/base/CComponent.php:130
Stack trace:
#0 /var/www/html/yii/framework/db/ar/CActiveRecord.php(145): CComponent->__get('level')
#1 /var/www/html/yii/desafio/protected/components/UserLevel.php(11): CActiveRecord->__get('level')
#2 /var/www/html/yii/framework/base/CComponent.php(614) : eval()'d code(1): UserLevel->isInRole('ADMIN')
#3 /var/www/html/yii/framework/base/CComponent.php(614): eval()
#4 /var/www/html/yii/framework/web/auth/CAccessControlFilter.php(393): CComponent->evaluateExpression('Yii::app()->use...', Array)
#5 /var/www/html/yii/framework/web/auth/CAccessControlFilter.php(289): CAccessRule->isExpressionMatched(Object(UserLevel))
#6 /var/www/html/yii/framework/web/auth/CAccessControlFilter.php(138): CAccessRule->isUserAllowed(Object(UserLevel), Object(PostController), Object(CInlineAction), '127.0.0.1', 'GET')
#7 /var/www/html/yii/framework/web/filters/CFilter.php(38): CAccessControlFilter->preFilter(Object(CFilterChain))
#8 /var/www/html/yii/framework/web/CController.php(1148): CFilter->filter(Object(CFilterChain))
#9 /var/www/html/yii/framework/web/filters/CInlineFilter.php(58): CController->filterAccessControl(Object(CFilterChain))
#10 /var/www/html/yii/framework/web/filters/CFilterChain.php(131): CInlineFilter->filter(Object(CFilterChain))
#11 /var/www/html/yii/framework/web/CController.php(291): CFilterChain->run()
#12 /var/www/html/yii/framework/web/CController.php(265): CController->runActionWithFilters(Object(CInlineAction), Array)
#13 /var/www/html/yii/framework/web/CWebApplication.php(282): CController->run('create')
#14 /var/www/html/yii/framework/web/CWebApplication.php(141): CWebApplication->runController('post/create')
#15 /var/www/html/yii/framework/base/CApplication.php(185): CWebApplication->processRequest()
#16 /var/www/html/yii/desafio/index.php(13): CApplication->run()
#17 {main}
REQUEST_URI=/index.php?r=post/create
---
2017/02/25 19:38:35 [error] [exception.CHttpException.403] exception 'CHttpException' with message 'You are not authorized to perform this action.' in /var/www/html/yii/framework/web/auth/CAccessControlFilter.php:183
Stack trace:
#0 /var/www/html/yii/framework/web/auth/CAccessControlFilter.php(145): CAccessControlFilter->accessDenied(Object(UserLevel), 'You are not aut...')
#1 /var/www/html/yii/framework/web/filters/CFilter.php(38): CAccessControlFilter->preFilter(Object(CFilterChain))
#2 /var/www/html/yii/framework/web/CController.php(1148): CFilter->filter(Object(CFilterChain))
#3 /var/www/html/yii/framework/web/filters/CInlineFilter.php(58): CController->filterAccessControl(Object(CFilterChain))
#4 /var/www/html/yii/framework/web/filters/CFilterChain.php(131): CInlineFilter->filter(Object(CFilterChain))
#5 /var/www/html/yii/framework/web/CController.php(291): CFilterChain->run()
#6 /var/www/html/yii/framework/web/CController.php(265): CController->runActionWithFilters(Object(CInlineAction), Array)
#7 /var/www/html/yii/framework/web/CWebApplication.php(282): CController->run('admin')
#8 /var/www/html/yii/framework/web/CWebApplication.php(141): CWebApplication->runController('post/admin')
#9 /var/www/html/yii/framework/base/CApplication.php(185): CWebApplication->processRequest()
#10 /var/www/html/yii/desafio/index.php(13): CApplication->run()
#11 {main}
REQUEST_URI=/index.php?r=post/admin
HTTP_REFERER=http://localhost:8003/index.php?r=site/login
---
2017/02/25 19:38:48 [error] [exception.CHttpException.403] exception 'CHttpException' with message 'You are not authorized to perform this action.' in /var/www/html/yii/framework/web/auth/CAccessControlFilter.php:183
Stack trace:
#0 /var/www/html/yii/framework/web/auth/CAccessControlFilter.php(145): CAccessControlFilter->accessDenied(Object(UserLevel), 'You are not aut...')
#1 /var/www/html/yii/framework/web/filters/CFilter.php(38): CAccessControlFilter->preFilter(Object(CFilterChain))
#2 /var/www/html/yii/framework/web/CController.php(1148): CFilter->filter(Object(CFilterChain))
#3 /var/www/html/yii/framework/web/filters/CInlineFilter.php(58): CController->filterAccessControl(Object(CFilterChain))
#4 /var/www/html/yii/framework/web/filters/CFilterChain.php(131): CInlineFilter->filter(Object(CFilterChain))
#5 /var/www/html/yii/framework/web/CController.php(291): CFilterChain->run()
#6 /var/www/html/yii/framework/web/CController.php(265): CController->runActionWithFilters(Object(CInlineAction), Array)
#7 /var/www/html/yii/framework/web/CWebApplication.php(282): CController->run('admin')
#8 /var/www/html/yii/framework/web/CWebApplication.php(141): CWebApplication->runController('post/admin')
#9 /var/www/html/yii/framework/base/CApplication.php(185): CWebApplication->processRequest()
#10 /var/www/html/yii/desafio/index.php(13): CApplication->run()
#11 {main}
REQUEST_URI=/index.php?r=post/admin
---
2017/02/25 19:39:02 [error] [exception.CHttpException.403] exception 'CHttpException' with message 'You are not authorized to perform this action.' in /var/www/html/yii/framework/web/auth/CAccessControlFilter.php:183
Stack trace:
#0 /var/www/html/yii/framework/web/auth/CAccessControlFilter.php(145): CAccessControlFilter->accessDenied(Object(UserLevel), 'You are not aut...')
#1 /var/www/html/yii/framework/web/filters/CFilter.php(38): CAccessControlFilter->preFilter(Object(CFilterChain))
#2 /var/www/html/yii/framework/web/CController.php(1148): CFilter->filter(Object(CFilterChain))
#3 /var/www/html/yii/framework/web/filters/CInlineFilter.php(58): CController->filterAccessControl(Object(CFilterChain))
#4 /var/www/html/yii/framework/web/filters/CFilterChain.php(131): CInlineFilter->filter(Object(CFilterChain))
#5 /var/www/html/yii/framework/web/CController.php(291): CFilterChain->run()
#6 /var/www/html/yii/framework/web/CController.php(265): CController->runActionWithFilters(Object(CInlineAction), Array)
#7 /var/www/html/yii/framework/web/CWebApplication.php(282): CController->run('create')
#8 /var/www/html/yii/framework/web/CWebApplication.php(141): CWebApplication->runController('post/create')
#9 /var/www/html/yii/framework/base/CApplication.php(185): CWebApplication->processRequest()
#10 /var/www/html/yii/desafio/index.php(13): CApplication->run()
#11 {main}
REQUEST_URI=/index.php?r=post/create
HTTP_REFERER=http://localhost:8003/index.php?r=post/index
---
2017/02/25 19:39:07 [error] [exception.CHttpException.403] exception 'CHttpException' with message 'You are not authorized to perform this action.' in /var/www/html/yii/framework/web/auth/CAccessControlFilter.php:183
Stack trace:
#0 /var/www/html/yii/framework/web/auth/CAccessControlFilter.php(145): CAccessControlFilter->accessDenied(Object(UserLevel), 'You are not aut...')
#1 /var/www/html/yii/framework/web/filters/CFilter.php(38): CAccessControlFilter->preFilter(Object(CFilterChain))
#2 /var/www/html/yii/framework/web/CController.php(1148): CFilter->filter(Object(CFilterChain))
#3 /var/www/html/yii/framework/web/filters/CInlineFilter.php(58): CController->filterAccessControl(Object(CFilterChain))
#4 /var/www/html/yii/framework/web/filters/CFilterChain.php(131): CInlineFilter->filter(Object(CFilterChain))
#5 /var/www/html/yii/framework/web/CController.php(291): CFilterChain->run()
#6 /var/www/html/yii/framework/web/CController.php(265): CController->runActionWithFilters(Object(CInlineAction), Array)
#7 /var/www/html/yii/framework/web/CWebApplication.php(282): CController->run('admin')
#8 /var/www/html/yii/framework/web/CWebApplication.php(141): CWebApplication->runController('post/admin')
#9 /var/www/html/yii/framework/base/CApplication.php(185): CWebApplication->processRequest()
#10 /var/www/html/yii/desafio/index.php(13): CApplication->run()
#11 {main}
REQUEST_URI=/index.php?r=post/admin
HTTP_REFERER=http://localhost:8003/index.php?r=post/index
---
2017/02/25 19:40:12 [error] [exception.CHttpException.403] exception 'CHttpException' with message 'You are not authorized to perform this action.' in /var/www/html/yii/framework/web/auth/CAccessControlFilter.php:183
Stack trace:
#0 /var/www/html/yii/framework/web/auth/CAccessControlFilter.php(145): CAccessControlFilter->accessDenied(Object(UserLevel), 'You are not aut...')
#1 /var/www/html/yii/framework/web/filters/CFilter.php(38): CAccessControlFilter->preFilter(Object(CFilterChain))
#2 /var/www/html/yii/framework/web/CController.php(1148): CFilter->filter(Object(CFilterChain))
#3 /var/www/html/yii/framework/web/filters/CInlineFilter.php(58): CController->filterAccessControl(Object(CFilterChain))
#4 /var/www/html/yii/framework/web/filters/CFilterChain.php(131): CInlineFilter->filter(Object(CFilterChain))
#5 /var/www/html/yii/framework/web/CController.php(291): CFilterChain->run()
#6 /var/www/html/yii/framework/web/CController.php(265): CController->runActionWithFilters(Object(CInlineAction), Array)
#7 /var/www/html/yii/framework/web/CWebApplication.php(282): CController->run('admin')
#8 /var/www/html/yii/framework/web/CWebApplication.php(141): CWebApplication->runController('post/admin')
#9 /var/www/html/yii/framework/base/CApplication.php(185): CWebApplication->processRequest()
#10 /var/www/html/yii/desafio/index.php(13): CApplication->run()
#11 {main}
REQUEST_URI=/index.php?r=post/admin
HTTP_REFERER=http://localhost:8003/index.php?r=post/create
---
2017/02/25 19:41:35 [error] [exception.CHttpException.403] exception 'CHttpException' with message 'You are not authorized to perform this action.' in /var/www/html/yii/framework/web/auth/CAccessControlFilter.php:183
Stack trace:
#0 /var/www/html/yii/framework/web/auth/CAccessControlFilter.php(145): CAccessControlFilter->accessDenied(Object(UserLevel), 'You are not aut...')
#1 /var/www/html/yii/framework/web/filters/CFilter.php(38): CAccessControlFilter->preFilter(Object(CFilterChain))
#2 /var/www/html/yii/framework/web/CController.php(1148): CFilter->filter(Object(CFilterChain))
#3 /var/www/html/yii/framework/web/filters/CInlineFilter.php(58): CController->filterAccessControl(Object(CFilterChain))
#4 /var/www/html/yii/framework/web/filters/CFilterChain.php(131): CInlineFilter->filter(Object(CFilterChain))
#5 /var/www/html/yii/framework/web/CController.php(291): CFilterChain->run()
#6 /var/www/html/yii/framework/web/CController.php(265): CController->runActionWithFilters(Object(CInlineAction), Array)
#7 /var/www/html/yii/framework/web/CWebApplication.php(282): CController->run('admin')
#8 /var/www/html/yii/framework/web/CWebApplication.php(141): CWebApplication->runController('post/admin')
#9 /var/www/html/yii/framework/base/CApplication.php(185): CWebApplication->processRequest()
#10 /var/www/html/yii/desafio/index.php(13): CApplication->run()
#11 {main}
REQUEST_URI=/index.php?r=post/admin
HTTP_REFERER=http://localhost:8003/index.php?r=post/index
---
2017/02/25 19:42:59 [error] [exception.CHttpException.403] exception 'CHttpException' with message 'You are not authorized to perform this action.' in /var/www/html/yii/framework/web/auth/CAccessControlFilter.php:183
Stack trace:
#0 /var/www/html/yii/framework/web/auth/CAccessControlFilter.php(145): CAccessControlFilter->accessDenied(Object(UserLevel), 'You are not aut...')
#1 /var/www/html/yii/framework/web/filters/CFilter.php(38): CAccessControlFilter->preFilter(Object(CFilterChain))
#2 /var/www/html/yii/framework/web/CController.php(1148): CFilter->filter(Object(CFilterChain))
#3 /var/www/html/yii/framework/web/filters/CInlineFilter.php(58): CController->filterAccessControl(Object(CFilterChain))
#4 /var/www/html/yii/framework/web/filters/CFilterChain.php(131): CInlineFilter->filter(Object(CFilterChain))
#5 /var/www/html/yii/framework/web/CController.php(291): CFilterChain->run()
#6 /var/www/html/yii/framework/web/CController.php(265): CController->runActionWithFilters(Object(CInlineAction), Array)
#7 /var/www/html/yii/framework/web/CWebApplication.php(282): CController->run('admin')
#8 /var/www/html/yii/framework/web/CWebApplication.php(141): CWebApplication->runController('post/admin')
#9 /var/www/html/yii/framework/base/CApplication.php(185): CWebApplication->processRequest()
#10 /var/www/html/yii/desafio/index.php(13): CApplication->run()
#11 {main}
REQUEST_URI=/index.php?r=post/admin
HTTP_REFERER=http://localhost:8003/index.php?r=post/index
---
2017/02/25 19:43:07 [error] [exception.CHttpException.403] exception 'CHttpException' with message 'You are not authorized to perform this action.' in /var/www/html/yii/framework/web/auth/CAccessControlFilter.php:183
Stack trace:
#0 /var/www/html/yii/framework/web/auth/CAccessControlFilter.php(145): CAccessControlFilter->accessDenied(Object(UserLevel), 'You are not aut...')
#1 /var/www/html/yii/framework/web/filters/CFilter.php(38): CAccessControlFilter->preFilter(Object(CFilterChain))
#2 /var/www/html/yii/framework/web/CController.php(1148): CFilter->filter(Object(CFilterChain))
#3 /var/www/html/yii/framework/web/filters/CInlineFilter.php(58): CController->filterAccessControl(Object(CFilterChain))
#4 /var/www/html/yii/framework/web/filters/CFilterChain.php(131): CInlineFilter->filter(Object(CFilterChain))
#5 /var/www/html/yii/framework/web/CController.php(291): CFilterChain->run()
#6 /var/www/html/yii/framework/web/CController.php(265): CController->runActionWithFilters(Object(CInlineAction), Array)
#7 /var/www/html/yii/framework/web/CWebApplication.php(282): CController->run('admin')
#8 /var/www/html/yii/framework/web/CWebApplication.php(141): CWebApplication->runController('post/admin')
#9 /var/www/html/yii/framework/base/CApplication.php(185): CWebApplication->processRequest()
#10 /var/www/html/yii/desafio/index.php(13): CApplication->run()
#11 {main}
REQUEST_URI=/index.php?r=post/admin
HTTP_REFERER=http://localhost:8003/index.php?r=post/index
---
2017/02/25 19:54:21 [error] [php] include(Categoria.php): failed to open stream: No such file or directory (/var/www/html/yii/framework/YiiBase.php:432)
Stack trace:
#0 /var/www/html/yii/desafio/protected/views/post/_form.php(42): spl_autoload_call()
#1 /var/www/html/yii/framework/web/CBaseController.php(126): require()
#2 /var/www/html/yii/framework/web/CBaseController.php(95): PostController->renderInternal()
#3 /var/www/html/yii/framework/web/CController.php(872): PostController->renderFile()
#4 /var/www/html/yii/desafio/protected/views/post/create.php(18): PostController->renderPartial()
#5 /var/www/html/yii/framework/web/CBaseController.php(126): require()
#6 /var/www/html/yii/framework/web/CBaseController.php(95): PostController->renderInternal()
#7 /var/www/html/yii/framework/web/CController.php(872): PostController->renderFile()
#8 /var/www/html/yii/framework/web/CController.php(785): PostController->renderPartial()
#9 /var/www/html/yii/desafio/protected/controllers/PostController.php(81): PostController->render()
#10 /var/www/html/yii/framework/web/actions/CInlineAction.php(49): PostController->actionCreate()
#11 /var/www/html/yii/framework/web/CController.php(308): CInlineAction->runWithParams()
#12 /var/www/html/yii/framework/web/filters/CFilterChain.php(134): PostController->runAction()
#13 /var/www/html/yii/framework/web/filters/CFilter.php(40): CFilterChain->run()
#14 /var/www/html/yii/framework/web/CController.php(1148): CAccessControlFilter->filter()
#15 /var/www/html/yii/framework/web/filters/CInlineFilter.php(58): PostController->filterAccessControl()
#16 /var/www/html/yii/framework/web/filters/CFilterChain.php(131): CInlineFilter->filter()
#17 /var/www/html/yii/framework/web/CController.php(291): CFilterChain->run()
#18 /var/www/html/yii/framework/web/CController.php(265): PostController->runActionWithFilters()
#19 /var/www/html/yii/framework/web/CWebApplication.php(282): PostController->run()
#20 /var/www/html/yii/framework/web/CWebApplication.php(141): CWebApplication->runController()
#21 /var/www/html/yii/framework/base/CApplication.php(185): CWebApplication->processRequest()
#22 /var/www/html/yii/desafio/index.php(13): CWebApplication->run()
REQUEST_URI=/index.php?r=post/create
in /var/www/html/yii/desafio/protected/views/post/_form.php (42)
in /var/www/html/yii/desafio/protected/views/post/create.php (18)
in /var/www/html/yii/desafio/protected/controllers/PostController.php (81)
2017/02/25 20:25:08 [error] [system.db.CDbCommand] CDbCommand::fetchColumn() failed: SQLSTATE[22P02]: Invalid text representation: 7 ERROR:  invalid input syntax for integer: "teste"
LINE 1: ...ECT COUNT(*) FROM "posts" "t" WHERE administrador_id='teste'
                                                                ^. The SQL statement executed was: SELECT COUNT(*) FROM "posts" "t" WHERE administrador_id=:ycp0.
in /var/www/html/yii/desafio/protected/views/post/admin.php (58)
in /var/www/html/yii/desafio/protected/controllers/PostController.php (145)
in /var/www/html/yii/desafio/index.php (13)
2017/02/25 20:25:08 [error] [exception.CDbException] exception 'CDbException' with message 'CDbCommand failed to execute the SQL statement: SQLSTATE[22P02]: Invalid text representation: 7 ERROR:  invalid input syntax for integer: "teste"
LINE 1: ...ECT COUNT(*) FROM "posts" "t" WHERE administrador_id='teste'
                                                                ^. The SQL statement executed was: SELECT COUNT(*) FROM "posts" "t" WHERE administrador_id=:ycp0' in /var/www/html/yii/framework/db/CDbCommand.php:543
Stack trace:
#0 /var/www/html/yii/framework/db/CDbCommand.php(433): CDbCommand->queryInternal('fetchColumn', 0, Array)
#1 /var/www/html/yii/framework/db/ar/CActiveRecord.php(1609): CDbCommand->queryScalar()
#2 /var/www/html/yii/framework/web/CActiveDataProvider.php(228): CActiveRecord->count(Object(CDbCriteria))
#3 /var/www/html/yii/framework/web/CDataProvider.php(224): CActiveDataProvider->calculateTotalItemCount()
#4 /var/www/html/yii/framework/web/CActiveDataProvider.php(178): CDataProvider->getTotalItemCount()
#5 /var/www/html/yii/framework/web/CDataProvider.php(168): CActiveDataProvider->fetchData()
#6 /var/www/html/yii/framework/zii/widgets/CBaseListView.php(125): CDataProvider->getData()
#7 /var/www/html/yii/framework/zii/widgets/grid/CGridView.php(339): CBaseListView->init()
#8 /var/www/html/yii/framework/web/CBaseController.php(147): CGridView->init()
#9 /var/www/html/yii/framework/web/CBaseController.php(181): CBaseController->createWidget('zii.widgets.gri...', Array)
#10 /var/www/html/yii/desafio/protected/views/post/admin.php(58): CBaseController->widget('zii.widgets.gri...', Array)
#11 /var/www/html/yii/framework/web/CBaseController.php(126): require('/var/www/html/y...')
#12 /var/www/html/yii/framework/web/CBaseController.php(95): CBaseController->renderInternal('/var/www/html/y...', Array, true)
#13 /var/www/html/yii/framework/web/CController.php(872): CBaseController->renderFile('/var/www/html/y...', Array, true)
#14 /var/www/html/yii/framework/web/CController.php(785): CController->renderPartial('admin', Array, true)
#15 /var/www/html/yii/desafio/protected/controllers/PostController.php(145): CController->render('admin', Array)
#16 /var/www/html/yii/framework/web/actions/CInlineAction.php(49): PostController->actionAdmin()
#17 /var/www/html/yii/framework/web/CController.php(308): CInlineAction->runWithParams(Array)
#18 /var/www/html/yii/framework/web/filters/CFilterChain.php(134): CController->runAction(Object(CInlineAction))
#19 /var/www/html/yii/framework/web/filters/CFilter.php(40): CFilterChain->run()
#20 /var/www/html/yii/framework/web/CController.php(1148): CFilter->filter(Object(CFilterChain))
#21 /var/www/html/yii/framework/web/filters/CInlineFilter.php(58): CController->filterAccessControl(Object(CFilterChain))
#22 /var/www/html/yii/framework/web/filters/CFilterChain.php(131): CInlineFilter->filter(Object(CFilterChain))
#23 /var/www/html/yii/framework/web/CController.php(291): CFilterChain->run()
#24 /var/www/html/yii/framework/web/CController.php(265): CController->runActionWithFilters(Object(CInlineAction), Array)
#25 /var/www/html/yii/framework/web/CWebApplication.php(282): CController->run('admin')
#26 /var/www/html/yii/framework/web/CWebApplication.php(141): CWebApplication->runController('post/admin')
#27 /var/www/html/yii/framework/base/CApplication.php(185): CWebApplication->processRequest()
#28 /var/www/html/yii/desafio/index.php(13): CApplication->run()
#29 {main}
REQUEST_URI=/index.php?r=post/admin
HTTP_REFERER=http://localhost:8003/index.php?r=post/index
---
2017/02/25 20:30:47 [error] [exception.CException] exception 'CException' with message 'Property "Post.123categoria_id" is not defined.' in /var/www/html/yii/framework/base/CComponent.php:130
Stack trace:
#0 /var/www/html/yii/framework/db/ar/CActiveRecord.php(145): CComponent->__get('123categoria_id')
#1 /var/www/html/yii/framework/web/helpers/CHtml.php(2747): CActiveRecord->__get('123categoria_id')
#2 /var/www/html/yii/framework/web/helpers/CHtml.php(2470): CHtml::resolveValue(Object(Post), '123categoria_id')
#3 /var/www/html/yii/framework/web/helpers/CHtml.php(1540): CHtml::activeInputField('text', Object(Post), '123categoria_id', Array)
#4 /var/www/html/yii/framework/zii/widgets/grid/CDataColumn.php(104): CHtml::activeTextField(Object(Post), '123categoria_id', Array)
#5 /var/www/html/yii/framework/zii/widgets/grid/CGridColumn.php(253): CDataColumn->getFilterCellContent()
#6 /var/www/html/yii/framework/zii/widgets/grid/CGridColumn.php(119): CGridColumn->renderFilterCellContent()
#7 /var/www/html/yii/framework/zii/widgets/grid/CGridView.php(539): CGridColumn->renderFilterCell()
#8 /var/www/html/yii/framework/zii/widgets/grid/CGridView.php(517): CGridView->renderFilter()
#9 /var/www/html/yii/framework/zii/widgets/grid/CGridView.php(487): CGridView->renderTableHeader()
#10 /var/www/html/yii/framework/zii/widgets/CBaseListView.php(181): CGridView->renderItems()
#11 [internal function]: CBaseListView->renderSection(Array)
#12 /var/www/html/yii/framework/zii/widgets/CBaseListView.php(164): preg_replace_callback('/{(\w+)}/', Array, '{summary}?{item...')
#13 /var/www/html/yii/framework/zii/widgets/CBaseListView.php(149): CBaseListView->renderContent()
#14 /var/www/html/yii/framework/web/CBaseController.php(182): CBaseListView->run()
#15 /var/www/html/yii/desafio/protected/views/post/admin.php(58): CBaseController->widget('zii.widgets.gri...', Array)
#16 /var/www/html/yii/framework/web/CBaseController.php(126): require('/var/www/html/y...')
#17 /var/www/html/yii/framework/web/CBaseController.php(95): CBaseController->renderInternal('/var/www/html/y...', Array, true)
#18 /var/www/html/yii/framework/web/CController.php(872): CBaseController->renderFile('/var/www/html/y...', Array, true)
#19 /var/www/html/yii/framework/web/CController.php(785): CController->renderPartial('admin', Array, true)
#20 /var/www/html/yii/desafio/protected/controllers/PostController.php(145): CController->render('admin', Array)
#21 /var/www/html/yii/framework/web/actions/CInlineAction.php(49): PostController->actionAdmin()
#22 /var/www/html/yii/framework/web/CController.php(308): CInlineAction->runWithParams(Array)
#23 /var/www/html/yii/framework/web/filters/CFilterChain.php(134): CController->runAction(Object(CInlineAction))
#24 /var/www/html/yii/framework/web/filters/CFilter.php(40): CFilterChain->run()
#25 /var/www/html/yii/framework/web/CController.php(1148): CFilter->filter(Object(CFilterChain))
#26 /var/www/html/yii/framework/web/filters/CInlineFilter.php(58): CController->filterAccessControl(Object(CFilterChain))
#27 /var/www/html/yii/framework/web/filters/CFilterChain.php(131): CInlineFilter->filter(Object(CFilterChain))
#28 /var/www/html/yii/framework/web/CController.php(291): CFilterChain->run()
#29 /var/www/html/yii/framework/web/CController.php(265): CController->runActionWithFilters(Object(CInlineAction), Array)
#30 /var/www/html/yii/framework/web/CWebApplication.php(282): CController->run('admin')
#31 /var/www/html/yii/framework/web/CWebApplication.php(141): CWebApplication->runController('post/admin')
#32 /var/www/html/yii/framework/base/CApplication.php(185): CWebApplication->processRequest()
#33 /var/www/html/yii/desafio/index.php(13): CApplication->run()
#34 {main}
REQUEST_URI=/index.php?r=post/admin
HTTP_REFERER=http://localhost:8003/index.php?r=post/index
---
2017/02/26 13:45:57 [error] [php] htmlspecialchars() expects parameter 1 to be string, array given (/var/www/html/yii/framework/web/helpers/CHtml.php:108)
Stack trace:
#0 /var/www/html/yii/framework/web/helpers/CHtml.php(181): renderAttributes()
#1 /var/www/html/yii/framework/zii/widgets/CBaseListView.php(147): openTag()
#2 /var/www/html/yii/framework/web/CBaseController.php(182): CGridView->run()
#3 /var/www/html/yii/desafio/protected/views/post/admin.php(63): PostController->widget()
#4 /var/www/html/yii/framework/web/CBaseController.php(126): require()
#5 /var/www/html/yii/framework/web/CBaseController.php(95): PostController->renderInternal()
#6 /var/www/html/yii/framework/web/CController.php(872): PostController->renderFile()
#7 /var/www/html/yii/framework/web/CController.php(785): PostController->renderPartial()
#8 /var/www/html/yii/desafio/protected/controllers/PostController.php(145): PostController->render()
#9 /var/www/html/yii/framework/web/actions/CInlineAction.php(49): PostController->actionAdmin()
#10 /var/www/html/yii/framework/web/CController.php(308): CInlineAction->runWithParams()
#11 /var/www/html/yii/framework/web/filters/CFilterChain.php(134): PostController->runAction()
#12 /var/www/html/yii/framework/web/filters/CFilter.php(40): CFilterChain->run()
#13 /var/www/html/yii/framework/web/CController.php(1148): CAccessControlFilter->filter()
#14 /var/www/html/yii/framework/web/filters/CInlineFilter.php(58): PostController->filterAccessControl()
#15 /var/www/html/yii/framework/web/filters/CFilterChain.php(131): CInlineFilter->filter()
#16 /var/www/html/yii/framework/web/CController.php(291): CFilterChain->run()
#17 /var/www/html/yii/framework/web/CController.php(265): PostController->runActionWithFilters()
#18 /var/www/html/yii/framework/web/CWebApplication.php(282): PostController->run()
#19 /var/www/html/yii/framework/web/CWebApplication.php(141): CWebApplication->runController()
#20 /var/www/html/yii/framework/base/CApplication.php(185): CWebApplication->processRequest()
#21 /var/www/html/yii/desafio/index.php(13): CWebApplication->run()
REQUEST_URI=/index.php?r=post/admin
in /var/www/html/yii/desafio/protected/views/post/admin.php (63)
in /var/www/html/yii/desafio/protected/controllers/PostController.php (145)
in /var/www/html/yii/desafio/index.php (13)
2017/02/26 14:22:58 [error] [php] htmlspecialchars() expects parameter 1 to be string, array given (/var/www/html/yii/framework/web/helpers/CHtml.php:108)
Stack trace:
#0 /var/www/html/yii/framework/web/helpers/CHtml.php(181): renderAttributes()
#1 /var/www/html/yii/framework/zii/widgets/CBaseListView.php(147): openTag()
#2 /var/www/html/yii/framework/web/CBaseController.php(182): CGridView->run()
#3 /var/www/html/yii/desafio/protected/views/post/admin.php(61): PostController->widget()
#4 /var/www/html/yii/framework/web/CBaseController.php(126): require()
#5 /var/www/html/yii/framework/web/CBaseController.php(95): PostController->renderInternal()
#6 /var/www/html/yii/framework/web/CController.php(872): PostController->renderFile()
#7 /var/www/html/yii/framework/web/CController.php(785): PostController->renderPartial()
#8 /var/www/html/yii/desafio/protected/controllers/PostController.php(145): PostController->render()
#9 /var/www/html/yii/framework/web/actions/CInlineAction.php(49): PostController->actionAdmin()
#10 /var/www/html/yii/framework/web/CController.php(308): CInlineAction->runWithParams()
#11 /var/www/html/yii/framework/web/filters/CFilterChain.php(134): PostController->runAction()
#12 /var/www/html/yii/framework/web/filters/CFilter.php(40): CFilterChain->run()
#13 /var/www/html/yii/framework/web/CController.php(1148): CAccessControlFilter->filter()
#14 /var/www/html/yii/framework/web/filters/CInlineFilter.php(58): PostController->filterAccessControl()
#15 /var/www/html/yii/framework/web/filters/CFilterChain.php(131): CInlineFilter->filter()
#16 /var/www/html/yii/framework/web/CController.php(291): CFilterChain->run()
#17 /var/www/html/yii/framework/web/CController.php(265): PostController->runActionWithFilters()
#18 /var/www/html/yii/framework/web/CWebApplication.php(282): PostController->run()
#19 /var/www/html/yii/framework/web/CWebApplication.php(141): CWebApplication->runController()
#20 /var/www/html/yii/framework/base/CApplication.php(185): CWebApplication->processRequest()
#21 /var/www/html/yii/desafio/index.php(13): CWebApplication->run()
REQUEST_URI=/index.php?r=post/admin
in /var/www/html/yii/desafio/protected/views/post/admin.php (61)
in /var/www/html/yii/desafio/protected/controllers/PostController.php (145)
in /var/www/html/yii/desafio/index.php (13)
2017/02/26 14:31:30 [error] [php] include(Categorias.php): failed to open stream: No such file or directory (/var/www/html/yii/framework/YiiBase.php:432)
Stack trace:
#0 /var/www/html/yii/framework/db/ar/CActiveRecord.php(397): spl_autoload_call()
#1 /var/www/html/yii/framework/db/ar/CActiveRecord.php(616): model()
#2 /var/www/html/yii/framework/web/CSort.php(330): Post->getAttributeLabel()
#3 /var/www/html/yii/framework/web/CSort.php(282): CSort->resolveLabel()
#4 /var/www/html/yii/framework/zii/widgets/grid/CDataColumn.php(119): CSort->link()
#5 /var/www/html/yii/framework/zii/widgets/grid/CGridColumn.php(186): CDataColumn->getHeaderCellContent()
#6 /var/www/html/yii/framework/zii/widgets/grid/CGridColumn.php(130): CDataColumn->renderHeaderCellContent()
#7 /var/www/html/yii/framework/zii/widgets/grid/CGridView.php(513): CDataColumn->renderHeaderCell()
#8 /var/www/html/yii/framework/zii/widgets/grid/CGridView.php(487): CGridView->renderTableHeader()
#9 /var/www/html/yii/framework/zii/widgets/CBaseListView.php(181): CGridView->renderItems()
#10 unknown(0): CGridView->renderSection()
#11 /var/www/html/yii/framework/zii/widgets/CBaseListView.php(164): preg_replace_callback()
#12 /var/www/html/yii/framework/zii/widgets/CBaseListView.php(149): CGridView->renderContent()
#13 /var/www/html/yii/framework/web/CBaseController.php(182): CGridView->run()
#14 /var/www/html/yii/desafio/protected/views/post/admin.php(59): PostController->widget()
#15 /var/www/html/yii/framework/web/CBaseController.php(126): require()
#16 /var/www/html/yii/framework/web/CBaseController.php(95): PostController->renderInternal()
#17 /var/www/html/yii/framework/web/CController.php(872): PostController->renderFile()
#18 /var/www/html/yii/framework/web/CController.php(785): PostController->renderPartial()
#19 /var/www/html/yii/desafio/protected/controllers/PostController.php(145): PostController->render()
#20 /var/www/html/yii/framework/web/actions/CInlineAction.php(49): PostController->actionAdmin()
#21 /var/www/html/yii/framework/web/CController.php(308): CInlineAction->runWithParams()
#22 /var/www/html/yii/framework/web/filters/CFilterChain.php(134): PostController->runAction()
#23 /var/www/html/yii/framework/web/filters/CFilter.php(40): CFilterChain->run()
#24 /var/www/html/yii/framework/web/CController.php(1148): CAccessControlFilter->filter()
#25 /var/www/html/yii/framework/web/filters/CInlineFilter.php(58): PostController->filterAccessControl()
#26 /var/www/html/yii/framework/web/filters/CFilterChain.php(131): CInlineFilter->filter()
#27 /var/www/html/yii/framework/web/CController.php(291): CFilterChain->run()
#28 /var/www/html/yii/framework/web/CController.php(265): PostController->runActionWithFilters()
#29 /var/www/html/yii/framework/web/CWebApplication.php(282): PostController->run()
#30 /var/www/html/yii/framework/web/CWebApplication.php(141): CWebApplication->runController()
#31 /var/www/html/yii/framework/base/CApplication.php(185): CWebApplication->processRequest()
#32 /var/www/html/yii/desafio/index.php(13): CWebApplication->run()
REQUEST_URI=/index.php?r=post/admin
in /var/www/html/yii/desafio/protected/views/post/admin.php (59)
in /var/www/html/yii/desafio/protected/controllers/PostController.php (145)
in /var/www/html/yii/desafio/index.php (13)
2017/02/26 14:33:12 [error] [php] include(Categorias.php): failed to open stream: No such file or directory (/var/www/html/yii/framework/YiiBase.php:432)
Stack trace:
#0 /var/www/html/yii/framework/db/ar/CActiveRecord.php(397): spl_autoload_call()
#1 /var/www/html/yii/framework/db/ar/CActiveFinder.php(182): model()
#2 /var/www/html/yii/framework/db/ar/CActiveFinder.php(231): CActiveFinder->getModel()
#3 /var/www/html/yii/framework/db/ar/CActiveFinder.php(300): CActiveFinder->buildJoinTree()
#4 /var/www/html/yii/framework/db/ar/CActiveFinder.php(48): CActiveFinder->buildJoinTree()
#5 /var/www/html/yii/framework/db/ar/CActiveRecord.php(915): CActiveFinder->__construct()
#6 /var/www/html/yii/framework/db/ar/CActiveRecord.php(1363): Post->getActiveFinder()
#7 /var/www/html/yii/framework/db/ar/CActiveRecord.php(1478): Post->query()
#8 /var/www/html/yii/desafio/protected/controllers/PostController.php(127): Post->findAll()
#9 /var/www/html/yii/framework/web/actions/CInlineAction.php(49): PostController->actionIndex()
#10 /var/www/html/yii/framework/web/CController.php(308): CInlineAction->runWithParams()
#11 /var/www/html/yii/framework/web/filters/CFilterChain.php(134): PostController->runAction()
#12 /var/www/html/yii/framework/web/filters/CFilter.php(40): CFilterChain->run()
#13 /var/www/html/yii/framework/web/CController.php(1148): CAccessControlFilter->filter()
#14 /var/www/html/yii/framework/web/filters/CInlineFilter.php(58): PostController->filterAccessControl()
#15 /var/www/html/yii/framework/web/filters/CFilterChain.php(131): CInlineFilter->filter()
#16 /var/www/html/yii/framework/web/CController.php(291): CFilterChain->run()
#17 /var/www/html/yii/framework/web/CController.php(265): PostController->runActionWithFilters()
#18 /var/www/html/yii/framework/web/CWebApplication.php(282): PostController->run()
#19 /var/www/html/yii/framework/web/CWebApplication.php(141): CWebApplication->runController()
#20 /var/www/html/yii/framework/base/CApplication.php(185): CWebApplication->processRequest()
#21 /var/www/html/yii/desafio/index.php(13): CWebApplication->run()
REQUEST_URI=/index.php?r=post/index
in /var/www/html/yii/desafio/protected/controllers/PostController.php (127)
in /var/www/html/yii/desafio/index.php (13)
2017/02/26 14:33:25 [error] [exception.CDbException] exception 'CDbException' with message 'Relation "Categoria" is not defined in active record class "Post".' in /var/www/html/yii/framework/db/ar/CActiveFinder.php:227
Stack trace:
#0 /var/www/html/yii/framework/db/ar/CActiveFinder.php(300): CActiveFinder->buildJoinTree(Object(CJoinElement), 'Categoria')
#1 /var/www/html/yii/framework/db/ar/CActiveFinder.php(48): CActiveFinder->buildJoinTree(Object(CJoinElement), Array)
#2 /var/www/html/yii/framework/db/ar/CActiveRecord.php(915): CActiveFinder->__construct(Object(Post), Array)
#3 /var/www/html/yii/framework/db/ar/CActiveRecord.php(1363): CActiveRecord->getActiveFinder(Array)
#4 /var/www/html/yii/framework/db/ar/CActiveRecord.php(1478): CActiveRecord->query(Object(CDbCriteria), true)
#5 /var/www/html/yii/desafio/protected/controllers/PostController.php(127): CActiveRecord->findAll()
#6 /var/www/html/yii/framework/web/actions/CInlineAction.php(49): PostController->actionIndex()
#7 /var/www/html/yii/framework/web/CController.php(308): CInlineAction->runWithParams(Array)
#8 /var/www/html/yii/framework/web/filters/CFilterChain.php(134): CController->runAction(Object(CInlineAction))
#9 /var/www/html/yii/framework/web/filters/CFilter.php(40): CFilterChain->run()
#10 /var/www/html/yii/framework/web/CController.php(1148): CFilter->filter(Object(CFilterChain))
#11 /var/www/html/yii/framework/web/filters/CInlineFilter.php(58): CController->filterAccessControl(Object(CFilterChain))
#12 /var/www/html/yii/framework/web/filters/CFilterChain.php(131): CInlineFilter->filter(Object(CFilterChain))
#13 /var/www/html/yii/framework/web/CController.php(291): CFilterChain->run()
#14 /var/www/html/yii/framework/web/CController.php(265): CController->runActionWithFilters(Object(CInlineAction), Array)
#15 /var/www/html/yii/framework/web/CWebApplication.php(282): CController->run('index')
#16 /var/www/html/yii/framework/web/CWebApplication.php(141): CWebApplication->runController('post/index')
#17 /var/www/html/yii/framework/base/CApplication.php(185): CWebApplication->processRequest()
#18 /var/www/html/yii/desafio/index.php(13): CApplication->run()
#19 {main}
REQUEST_URI=/index.php?r=post/index
---
2017/02/26 14:33:53 [error] [php] include(Categorias.php): failed to open stream: No such file or directory (/var/www/html/yii/framework/YiiBase.php:432)
Stack trace:
#0 /var/www/html/yii/framework/db/ar/CActiveRecord.php(397): spl_autoload_call()
#1 /var/www/html/yii/framework/db/ar/CActiveFinder.php(182): model()
#2 /var/www/html/yii/framework/db/ar/CActiveFinder.php(231): CActiveFinder->getModel()
#3 /var/www/html/yii/framework/db/ar/CActiveFinder.php(300): CActiveFinder->buildJoinTree()
#4 /var/www/html/yii/framework/db/ar/CActiveFinder.php(48): CActiveFinder->buildJoinTree()
#5 /var/www/html/yii/framework/db/ar/CActiveRecord.php(915): CActiveFinder->__construct()
#6 /var/www/html/yii/framework/db/ar/CActiveRecord.php(1363): Post->getActiveFinder()
#7 /var/www/html/yii/framework/db/ar/CActiveRecord.php(1478): Post->query()
#8 /var/www/html/yii/desafio/protected/controllers/PostController.php(127): Post->findAll()
#9 /var/www/html/yii/framework/web/actions/CInlineAction.php(49): PostController->actionIndex()
#10 /var/www/html/yii/framework/web/CController.php(308): CInlineAction->runWithParams()
#11 /var/www/html/yii/framework/web/filters/CFilterChain.php(134): PostController->runAction()
#12 /var/www/html/yii/framework/web/filters/CFilter.php(40): CFilterChain->run()
#13 /var/www/html/yii/framework/web/CController.php(1148): CAccessControlFilter->filter()
#14 /var/www/html/yii/framework/web/filters/CInlineFilter.php(58): PostController->filterAccessControl()
#15 /var/www/html/yii/framework/web/filters/CFilterChain.php(131): CInlineFilter->filter()
#16 /var/www/html/yii/framework/web/CController.php(291): CFilterChain->run()
#17 /var/www/html/yii/framework/web/CController.php(265): PostController->runActionWithFilters()
#18 /var/www/html/yii/framework/web/CWebApplication.php(282): PostController->run()
#19 /var/www/html/yii/framework/web/CWebApplication.php(141): CWebApplication->runController()
#20 /var/www/html/yii/framework/base/CApplication.php(185): CWebApplication->processRequest()
#21 /var/www/html/yii/desafio/index.php(13): CWebApplication->run()
REQUEST_URI=/index.php?r=post/index
in /var/www/html/yii/desafio/protected/controllers/PostController.php (127)
in /var/www/html/yii/desafio/index.php (13)
2017/02/26 14:34:20 [error] [php] include(Categorias.php): failed to open stream: No such file or directory (/var/www/html/yii/framework/YiiBase.php:432)
Stack trace:
#0 /var/www/html/yii/framework/db/ar/CActiveRecord.php(397): spl_autoload_call()
#1 /var/www/html/yii/framework/db/ar/CActiveFinder.php(182): model()
#2 /var/www/html/yii/framework/db/ar/CActiveFinder.php(231): CActiveFinder->getModel()
#3 /var/www/html/yii/framework/db/ar/CActiveFinder.php(300): CActiveFinder->buildJoinTree()
#4 /var/www/html/yii/framework/db/ar/CActiveFinder.php(48): CActiveFinder->buildJoinTree()
#5 /var/www/html/yii/framework/db/ar/CActiveRecord.php(915): CActiveFinder->__construct()
#6 /var/www/html/yii/framework/db/ar/CActiveRecord.php(1363): Post->getActiveFinder()
#7 /var/www/html/yii/framework/db/ar/CActiveRecord.php(1478): Post->query()
#8 /var/www/html/yii/desafio/protected/controllers/PostController.php(127): Post->findAll()
#9 /var/www/html/yii/framework/web/actions/CInlineAction.php(49): PostController->actionIndex()
#10 /var/www/html/yii/framework/web/CController.php(308): CInlineAction->runWithParams()
#11 /var/www/html/yii/framework/web/filters/CFilterChain.php(134): PostController->runAction()
#12 /var/www/html/yii/framework/web/filters/CFilter.php(40): CFilterChain->run()
#13 /var/www/html/yii/framework/web/CController.php(1148): CAccessControlFilter->filter()
#14 /var/www/html/yii/framework/web/filters/CInlineFilter.php(58): PostController->filterAccessControl()
#15 /var/www/html/yii/framework/web/filters/CFilterChain.php(131): CInlineFilter->filter()
#16 /var/www/html/yii/framework/web/CController.php(291): CFilterChain->run()
#17 /var/www/html/yii/framework/web/CController.php(265): PostController->runActionWithFilters()
#18 /var/www/html/yii/framework/web/CWebApplication.php(282): PostController->run()
#19 /var/www/html/yii/framework/web/CWebApplication.php(141): CWebApplication->runController()
#20 /var/www/html/yii/framework/base/CApplication.php(185): CWebApplication->processRequest()
#21 /var/www/html/yii/desafio/index.php(13): CWebApplication->run()
REQUEST_URI=/index.php?r=post/index
in /var/www/html/yii/desafio/protected/controllers/PostController.php (127)
in /var/www/html/yii/desafio/index.php (13)
2017/02/26 21:44:31 [error] [system.db.CDbCommand] CDbCommand::execute() failed: SQLSTATE[42P07]: Duplicate table: 7 ERROR:  relation "administrador" already exists. The SQL statement executed was: CREATE TABLE "administrador" (
	"id" serial NOT NULL PRIMARY KEY,
	"nivel" integer NOT NULL,
	"nome" character varying (255) NOT NULL,
	"email" character varying (255) NOT NULL,
	"usuario" character varying (255) NOT NULL,
	"senha" character varying (255) NOT NULL
).
2017/02/26 21:44:31 [error] [exception.CDbException] exception 'CDbException' with message 'CDbCommand failed to execute the SQL statement: SQLSTATE[42P07]: Duplicate table: 7 ERROR:  relation "administrador" already exists. The SQL statement executed was: CREATE TABLE "administrador" (
	"id" serial NOT NULL PRIMARY KEY,
	"nivel" integer NOT NULL,
	"nome" character varying (255) NOT NULL,
	"email" character varying (255) NOT NULL,
	"usuario" character varying (255) NOT NULL,
	"senha" character varying (255) NOT NULL
)' in /var/www/html/yii/framework/db/CDbCommand.php:358
Stack trace:
#0 /var/www/html/yii/framework/db/CDbCommand.php(1352): CDbCommand->execute()
#1 /var/www/html/yii/framework/db/CDbMigration.php(250): CDbCommand->createTable('administrador', Array, NULL)
#2 /var/www/html/yii/desafio/protected/migrations/m170227_001039_create_administrador_table.php(14): CDbMigration->createTable('administrador', Array)
#3 /var/www/html/yii/framework/cli/commands/MigrateCommand.php(415): m170227_001039_create_administrador_table->up()
#4 /var/www/html/yii/framework/cli/commands/MigrateCommand.php(109): MigrateCommand->migrateUp('m170227_001039_...')
#5 [internal function]: MigrateCommand->actionUp(Array)
#6 /var/www/html/yii/framework/console/CConsoleCommand.php(172): ReflectionMethod->invokeArgs(Object(MigrateCommand), Array)
#7 /var/www/html/yii/framework/console/CConsoleCommandRunner.php(71): CConsoleCommand->run(Array)
#8 /var/www/html/yii/framework/console/CConsoleApplication.php(92): CConsoleCommandRunner->run(Array)
#9 /var/www/html/yii/framework/base/CApplication.php(185): CConsoleApplication->processRequest()
#10 /var/www/html/yii/framework/yiic.php(33): CApplication->run()
#11 /var/www/html/yii/desafio/protected/yiic.php(7): require_once('/var/www/html/y...')
#12 /var/www/html/yii/desafio/protected/yiic(4): require_once('/var/www/html/y...')
#13 {main}
---
2017/02/26 21:52:44 [error] [system.db.CDbCommand] CDbCommand::execute() failed: SQLSTATE[42703]: Undefined column: 7 ERROR:  column "categoria_id" referenced in foreign key constraint does not exist. The SQL statement executed was: ALTER TABLE "categorias" ADD CONSTRAINT "posts_has_categoria" FOREIGN KEY ("categoria_id") REFERENCES "categorias" ("id").
2017/02/26 21:52:44 [error] [exception.CDbException] exception 'CDbException' with message 'CDbCommand failed to execute the SQL statement: SQLSTATE[42703]: Undefined column: 7 ERROR:  column "categoria_id" referenced in foreign key constraint does not exist. The SQL statement executed was: ALTER TABLE "categorias" ADD CONSTRAINT "posts_has_categoria" FOREIGN KEY ("categoria_id") REFERENCES "categorias" ("id")' in /var/www/html/yii/framework/db/CDbCommand.php:358
Stack trace:
#0 /var/www/html/yii/framework/db/CDbCommand.php(1463): CDbCommand->execute()
#1 /var/www/html/yii/framework/db/CDbMigration.php(366): CDbCommand->addForeignKey('posts_has_categ...', 'categorias', 'categoria_id', 'categorias', 'id', NULL, NULL)
#2 /var/www/html/yii/desafio/protected/migrations/m170227_002845_create_posts_table.php(17): CDbMigration->addForeignKey('posts_has_categ...', 'categorias', 'categoria_id', 'categorias', 'id')
#3 /var/www/html/yii/framework/cli/commands/MigrateCommand.php(415): m170227_002845_create_posts_table->up()
#4 /var/www/html/yii/framework/cli/commands/MigrateCommand.php(109): MigrateCommand->migrateUp('m170227_002845_...')
#5 [internal function]: MigrateCommand->actionUp(Array)
#6 /var/www/html/yii/framework/console/CConsoleCommand.php(172): ReflectionMethod->invokeArgs(Object(MigrateCommand), Array)
#7 /var/www/html/yii/framework/console/CConsoleCommandRunner.php(71): CConsoleCommand->run(Array)
#8 /var/www/html/yii/framework/console/CConsoleApplication.php(92): CConsoleCommandRunner->run(Array)
#9 /var/www/html/yii/framework/base/CApplication.php(185): CConsoleApplication->processRequest()
#10 /var/www/html/yii/framework/yiic.php(33): CApplication->run()
#11 /var/www/html/yii/desafio/protected/yiic.php(7): require_once('/var/www/html/y...')
#12 /var/www/html/yii/desafio/protected/yiic(4): require_once('/var/www/html/y...')
#13 {main}
---
2017/02/26 21:56:31 [error] [system.db.CDbCommand] CDbCommand::execute() failed: SQLSTATE[2BP01]: Dependent objects still exist: 7 ERROR:  cannot drop table administrador because other objects depend on it
DETAIL:  constraint posts_has_administrador on table posts depends on table administrador
HINT:  Use DROP ... CASCADE to drop the dependent objects too.. The SQL statement executed was: DROP TABLE "administrador".
2017/02/26 21:56:31 [error] [exception.CDbException] exception 'CDbException' with message 'CDbCommand failed to execute the SQL statement: SQLSTATE[2BP01]: Dependent objects still exist: 7 ERROR:  cannot drop table administrador because other objects depend on it
DETAIL:  constraint posts_has_administrador on table posts depends on table administrador
HINT:  Use DROP ... CASCADE to drop the dependent objects too.. The SQL statement executed was: DROP TABLE "administrador"' in /var/www/html/yii/framework/db/CDbCommand.php:358
Stack trace:
#0 /var/www/html/yii/framework/db/CDbCommand.php(1375): CDbCommand->execute()
#1 /var/www/html/yii/framework/db/CDbMigration.php(275): CDbCommand->dropTable('administrador')
#2 /var/www/html/yii/desafio/protected/migrations/m170227_001039_create_administrador_table.php(19): CDbMigration->dropTable('administrador')
#3 /var/www/html/yii/framework/cli/commands/MigrateCommand.php(440): m170227_001039_create_administrador_table->down()
#4 /var/www/html/yii/framework/cli/commands/MigrateCommand.php(145): MigrateCommand->migrateDown('m170227_001039_...')
#5 [internal function]: MigrateCommand->actionDown(Array)
#6 /var/www/html/yii/framework/console/CConsoleCommand.php(172): ReflectionMethod->invokeArgs(Object(MigrateCommand), Array)
#7 /var/www/html/yii/framework/console/CConsoleCommandRunner.php(71): CConsoleCommand->run(Array)
#8 /var/www/html/yii/framework/console/CConsoleApplication.php(92): CConsoleCommandRunner->run(Array)
#9 /var/www/html/yii/framework/base/CApplication.php(185): CConsoleApplication->processRequest()
#10 /var/www/html/yii/framework/yiic.php(33): CApplication->run()
#11 /var/www/html/yii/desafio/protected/yiic.php(7): require_once('/var/www/html/y...')
#12 /var/www/html/yii/desafio/protected/yiic(4): require_once('/var/www/html/y...')
#13 {main}
---
2017/02/26 21:56:52 [error] [system.db.CDbCommand] CDbCommand::execute() failed: SQLSTATE[2BP01]: Dependent objects still exist: 7 ERROR:  cannot drop table administrador because other objects depend on it
DETAIL:  constraint posts_has_administrador on table posts depends on table administrador
HINT:  Use DROP ... CASCADE to drop the dependent objects too.. The SQL statement executed was: DROP TABLE "administrador".
2017/02/26 21:56:52 [error] [exception.CDbException] exception 'CDbException' with message 'CDbCommand failed to execute the SQL statement: SQLSTATE[2BP01]: Dependent objects still exist: 7 ERROR:  cannot drop table administrador because other objects depend on it
DETAIL:  constraint posts_has_administrador on table posts depends on table administrador
HINT:  Use DROP ... CASCADE to drop the dependent objects too.. The SQL statement executed was: DROP TABLE "administrador"' in /var/www/html/yii/framework/db/CDbCommand.php:358
Stack trace:
#0 /var/www/html/yii/framework/db/CDbCommand.php(1375): CDbCommand->execute()
#1 /var/www/html/yii/framework/db/CDbMigration.php(275): CDbCommand->dropTable('administrador')
#2 /var/www/html/yii/desafio/protected/migrations/m170227_001039_create_administrador_table.php(19): CDbMigration->dropTable('administrador')
#3 /var/www/html/yii/framework/cli/commands/MigrateCommand.php(440): m170227_001039_create_administrador_table->down()
#4 /var/www/html/yii/framework/cli/commands/MigrateCommand.php(145): MigrateCommand->migrateDown('m170227_001039_...')
#5 [internal function]: MigrateCommand->actionDown(Array)
#6 /var/www/html/yii/framework/console/CConsoleCommand.php(172): ReflectionMethod->invokeArgs(Object(MigrateCommand), Array)
#7 /var/www/html/yii/framework/console/CConsoleCommandRunner.php(71): CConsoleCommand->run(Array)
#8 /var/www/html/yii/framework/console/CConsoleApplication.php(92): CConsoleCommandRunner->run(Array)
#9 /var/www/html/yii/framework/base/CApplication.php(185): CConsoleApplication->processRequest()
#10 /var/www/html/yii/framework/yiic.php(33): CApplication->run()
#11 /var/www/html/yii/desafio/protected/yiic.php(7): require_once('/var/www/html/y...')
#12 /var/www/html/yii/desafio/protected/yiic(4): require_once('/var/www/html/y...')
#13 {main}
---
2017/02/26 21:58:34 [error] [system.db.CDbCommand] CDbCommand::execute() failed: SQLSTATE[2BP01]: Dependent objects still exist: 7 ERROR:  cannot drop table administrador because other objects depend on it
DETAIL:  constraint posts_has_administrador on table posts depends on table administrador
HINT:  Use DROP ... CASCADE to drop the dependent objects too.. The SQL statement executed was: DROP TABLE "administrador".
2017/02/26 21:58:34 [error] [exception.CDbException] exception 'CDbException' with message 'CDbCommand failed to execute the SQL statement: SQLSTATE[2BP01]: Dependent objects still exist: 7 ERROR:  cannot drop table administrador because other objects depend on it
DETAIL:  constraint posts_has_administrador on table posts depends on table administrador
HINT:  Use DROP ... CASCADE to drop the dependent objects too.. The SQL statement executed was: DROP TABLE "administrador"' in /var/www/html/yii/framework/db/CDbCommand.php:358
Stack trace:
#0 /var/www/html/yii/framework/db/CDbCommand.php(1375): CDbCommand->execute()
#1 /var/www/html/yii/framework/db/CDbMigration.php(275): CDbCommand->dropTable('administrador')
#2 /var/www/html/yii/desafio/protected/migrations/m170227_001039_create_administrador_table.php(19): CDbMigration->dropTable('administrador')
#3 /var/www/html/yii/framework/cli/commands/MigrateCommand.php(440): m170227_001039_create_administrador_table->down()
#4 /var/www/html/yii/framework/cli/commands/MigrateCommand.php(145): MigrateCommand->migrateDown('m170227_001039_...')
#5 [internal function]: MigrateCommand->actionDown(Array)
#6 /var/www/html/yii/framework/console/CConsoleCommand.php(172): ReflectionMethod->invokeArgs(Object(MigrateCommand), Array)
#7 /var/www/html/yii/framework/console/CConsoleCommandRunner.php(71): CConsoleCommand->run(Array)
#8 /var/www/html/yii/framework/console/CConsoleApplication.php(92): CConsoleCommandRunner->run(Array)
#9 /var/www/html/yii/framework/base/CApplication.php(185): CConsoleApplication->processRequest()
#10 /var/www/html/yii/framework/yiic.php(33): CApplication->run()
#11 /var/www/html/yii/desafio/protected/yiic.php(7): require_once('/var/www/html/y...')
#12 /var/www/html/yii/desafio/protected/yiic(4): require_once('/var/www/html/y...')
#13 {main}
---
2017/02/26 21:58:53 [error] [system.db.CDbCommand] CDbCommand::execute() failed: SQLSTATE[2BP01]: Dependent objects still exist: 7 ERROR:  cannot drop table administrador because other objects depend on it
DETAIL:  constraint posts_has_administrador on table posts depends on table administrador
HINT:  Use DROP ... CASCADE to drop the dependent objects too.. The SQL statement executed was: DROP TABLE "administrador".
2017/02/26 21:58:53 [error] [exception.CDbException] exception 'CDbException' with message 'CDbCommand failed to execute the SQL statement: SQLSTATE[2BP01]: Dependent objects still exist: 7 ERROR:  cannot drop table administrador because other objects depend on it
DETAIL:  constraint posts_has_administrador on table posts depends on table administrador
HINT:  Use DROP ... CASCADE to drop the dependent objects too.. The SQL statement executed was: DROP TABLE "administrador"' in /var/www/html/yii/framework/db/CDbCommand.php:358
Stack trace:
#0 /var/www/html/yii/framework/db/CDbCommand.php(1375): CDbCommand->execute()
#1 /var/www/html/yii/framework/db/CDbMigration.php(275): CDbCommand->dropTable('administrador')
#2 /var/www/html/yii/desafio/protected/migrations/m170227_001039_create_administrador_table.php(19): CDbMigration->dropTable('administrador')
#3 /var/www/html/yii/framework/cli/commands/MigrateCommand.php(440): m170227_001039_create_administrador_table->down()
#4 /var/www/html/yii/framework/cli/commands/MigrateCommand.php(145): MigrateCommand->migrateDown('m170227_001039_...')
#5 [internal function]: MigrateCommand->actionDown(Array)
#6 /var/www/html/yii/framework/console/CConsoleCommand.php(172): ReflectionMethod->invokeArgs(Object(MigrateCommand), Array)
#7 /var/www/html/yii/framework/console/CConsoleCommandRunner.php(71): CConsoleCommand->run(Array)
#8 /var/www/html/yii/framework/console/CConsoleApplication.php(92): CConsoleCommandRunner->run(Array)
#9 /var/www/html/yii/framework/base/CApplication.php(185): CConsoleApplication->processRequest()
#10 /var/www/html/yii/framework/yiic.php(33): CApplication->run()
#11 /var/www/html/yii/desafio/protected/yiic.php(7): require_once('/var/www/html/y...')
#12 /var/www/html/yii/desafio/protected/yiic(4): require_once('/var/www/html/y...')
#13 {main}
---
2017/02/26 21:59:01 [error] [system.db.CDbCommand] CDbCommand::execute() failed: SQLSTATE[2BP01]: Dependent objects still exist: 7 ERROR:  cannot drop table administrador because other objects depend on it
DETAIL:  constraint posts_has_administrador on table posts depends on table administrador
HINT:  Use DROP ... CASCADE to drop the dependent objects too.. The SQL statement executed was: DROP TABLE "administrador".
2017/02/26 21:59:01 [error] [exception.CDbException] exception 'CDbException' with message 'CDbCommand failed to execute the SQL statement: SQLSTATE[2BP01]: Dependent objects still exist: 7 ERROR:  cannot drop table administrador because other objects depend on it
DETAIL:  constraint posts_has_administrador on table posts depends on table administrador
HINT:  Use DROP ... CASCADE to drop the dependent objects too.. The SQL statement executed was: DROP TABLE "administrador"' in /var/www/html/yii/framework/db/CDbCommand.php:358
Stack trace:
#0 /var/www/html/yii/framework/db/CDbCommand.php(1375): CDbCommand->execute()
#1 /var/www/html/yii/framework/db/CDbMigration.php(275): CDbCommand->dropTable('administrador')
#2 /var/www/html/yii/desafio/protected/migrations/m170227_001039_create_administrador_table.php(19): CDbMigration->dropTable('administrador')
#3 /var/www/html/yii/framework/cli/commands/MigrateCommand.php(440): m170227_001039_create_administrador_table->down()
#4 /var/www/html/yii/framework/cli/commands/MigrateCommand.php(145): MigrateCommand->migrateDown('m170227_001039_...')
#5 [internal function]: MigrateCommand->actionDown(Array)
#6 /var/www/html/yii/framework/console/CConsoleCommand.php(172): ReflectionMethod->invokeArgs(Object(MigrateCommand), Array)
#7 /var/www/html/yii/framework/console/CConsoleCommandRunner.php(71): CConsoleCommand->run(Array)
#8 /var/www/html/yii/framework/console/CConsoleApplication.php(92): CConsoleCommandRunner->run(Array)
#9 /var/www/html/yii/framework/base/CApplication.php(185): CConsoleApplication->processRequest()
#10 /var/www/html/yii/framework/yiic.php(33): CApplication->run()
#11 /var/www/html/yii/desafio/protected/yiic.php(7): require_once('/var/www/html/y...')
#12 /var/www/html/yii/desafio/protected/yiic(4): require_once('/var/www/html/y...')
#13 {main}
---
2017/02/26 21:59:45 [error] [system.db.CDbCommand] CDbCommand::execute() failed: SQLSTATE[2BP01]: Dependent objects still exist: 7 ERROR:  cannot drop table administrador because other objects depend on it
DETAIL:  constraint posts_has_administrador on table posts depends on table administrador
HINT:  Use DROP ... CASCADE to drop the dependent objects too.. The SQL statement executed was: DROP TABLE "administrador".
2017/02/26 21:59:45 [error] [exception.CDbException] exception 'CDbException' with message 'CDbCommand failed to execute the SQL statement: SQLSTATE[2BP01]: Dependent objects still exist: 7 ERROR:  cannot drop table administrador because other objects depend on it
DETAIL:  constraint posts_has_administrador on table posts depends on table administrador
HINT:  Use DROP ... CASCADE to drop the dependent objects too.. The SQL statement executed was: DROP TABLE "administrador"' in /var/www/html/yii/framework/db/CDbCommand.php:358
Stack trace:
#0 /var/www/html/yii/framework/db/CDbCommand.php(1375): CDbCommand->execute()
#1 /var/www/html/yii/framework/db/CDbMigration.php(275): CDbCommand->dropTable('administrador')
#2 /var/www/html/yii/desafio/protected/migrations/m170227_001039_create_administrador_table.php(19): CDbMigration->dropTable('administrador')
#3 /var/www/html/yii/framework/cli/commands/MigrateCommand.php(440): m170227_001039_create_administrador_table->down()
#4 /var/www/html/yii/framework/cli/commands/MigrateCommand.php(145): MigrateCommand->migrateDown('m170227_001039_...')
#5 [internal function]: MigrateCommand->actionDown(Array)
#6 /var/www/html/yii/framework/console/CConsoleCommand.php(172): ReflectionMethod->invokeArgs(Object(MigrateCommand), Array)
#7 /var/www/html/yii/framework/console/CConsoleCommandRunner.php(71): CConsoleCommand->run(Array)
#8 /var/www/html/yii/framework/console/CConsoleApplication.php(92): CConsoleCommandRunner->run(Array)
#9 /var/www/html/yii/framework/base/CApplication.php(185): CConsoleApplication->processRequest()
#10 /var/www/html/yii/framework/yiic.php(33): CApplication->run()
#11 /var/www/html/yii/desafio/protected/yiic.php(7): require_once('/var/www/html/y...')
#12 /var/www/html/yii/desafio/protected/yiic(4): require_once('/var/www/html/y...')
#13 {main}
---
2017/02/26 22:00:26 [error] [system.db.CDbCommand] CDbCommand::execute() failed: SQLSTATE[42P07]: Duplicate table: 7 ERROR:  relation "posts" already exists. The SQL statement executed was: CREATE TABLE "posts" (
	"id" serial NOT NULL PRIMARY KEY,
	"titulo" character varying (255) NOT NULL,
	"conteudo" text NOT NULL,
	"administrador_id" integer NOT NULL,
	"categoria_id" integer NOT NULL,
	"created_time" timestamp DEFAULT NOW()
).
2017/02/26 22:00:26 [error] [exception.CDbException] exception 'CDbException' with message 'CDbCommand failed to execute the SQL statement: SQLSTATE[42P07]: Duplicate table: 7 ERROR:  relation "posts" already exists. The SQL statement executed was: CREATE TABLE "posts" (
	"id" serial NOT NULL PRIMARY KEY,
	"titulo" character varying (255) NOT NULL,
	"conteudo" text NOT NULL,
	"administrador_id" integer NOT NULL,
	"categoria_id" integer NOT NULL,
	"created_time" timestamp DEFAULT NOW()
)' in /var/www/html/yii/framework/db/CDbCommand.php:358
Stack trace:
#0 /var/www/html/yii/framework/db/CDbCommand.php(1352): CDbCommand->execute()
#1 /var/www/html/yii/framework/db/CDbMigration.php(250): CDbCommand->createTable('posts', Array, NULL)
#2 /var/www/html/yii/desafio/protected/migrations/m170227_002845_create_posts_table.php(14): CDbMigration->createTable('posts', Array)
#3 /var/www/html/yii/framework/cli/commands/MigrateCommand.php(415): m170227_002845_create_posts_table->up()
#4 /var/www/html/yii/framework/cli/commands/MigrateCommand.php(109): MigrateCommand->migrateUp('m170227_002845_...')
#5 [internal function]: MigrateCommand->actionUp(Array)
#6 /var/www/html/yii/framework/console/CConsoleCommand.php(172): ReflectionMethod->invokeArgs(Object(MigrateCommand), Array)
#7 /var/www/html/yii/framework/console/CConsoleCommandRunner.php(71): CConsoleCommand->run(Array)
#8 /var/www/html/yii/framework/console/CConsoleApplication.php(92): CConsoleCommandRunner->run(Array)
#9 /var/www/html/yii/framework/base/CApplication.php(185): CConsoleApplication->processRequest()
#10 /var/www/html/yii/framework/yiic.php(33): CApplication->run()
#11 /var/www/html/yii/desafio/protected/yiic.php(7): require_once('/var/www/html/y...')
#12 /var/www/html/yii/desafio/protected/yiic(4): require_once('/var/www/html/y...')
#13 {main}
---
2017/02/26 22:03:20 [error] [system.db.CDbCommand] CDbCommand::execute() failed: SQLSTATE[2BP01]: Dependent objects still exist: 7 ERROR:  cannot drop table administrador because other objects depend on it
DETAIL:  constraint posts_has_administrador on table posts depends on table administrador
HINT:  Use DROP ... CASCADE to drop the dependent objects too.. The SQL statement executed was: DROP TABLE "administrador".
2017/02/26 22:03:20 [error] [exception.CDbException] exception 'CDbException' with message 'CDbCommand failed to execute the SQL statement: SQLSTATE[2BP01]: Dependent objects still exist: 7 ERROR:  cannot drop table administrador because other objects depend on it
DETAIL:  constraint posts_has_administrador on table posts depends on table administrador
HINT:  Use DROP ... CASCADE to drop the dependent objects too.. The SQL statement executed was: DROP TABLE "administrador"' in /var/www/html/yii/framework/db/CDbCommand.php:358
Stack trace:
#0 /var/www/html/yii/framework/db/CDbCommand.php(1375): CDbCommand->execute()
#1 /var/www/html/yii/framework/db/CDbMigration.php(275): CDbCommand->dropTable('administrador')
#2 /var/www/html/yii/desafio/protected/migrations/m170227_001039_create_administrador_table.php(19): CDbMigration->dropTable('administrador')
#3 /var/www/html/yii/framework/cli/commands/MigrateCommand.php(440): m170227_001039_create_administrador_table->down()
#4 /var/www/html/yii/framework/cli/commands/MigrateCommand.php(145): MigrateCommand->migrateDown('m170227_001039_...')
#5 [internal function]: MigrateCommand->actionDown(Array)
#6 /var/www/html/yii/framework/console/CConsoleCommand.php(172): ReflectionMethod->invokeArgs(Object(MigrateCommand), Array)
#7 /var/www/html/yii/framework/console/CConsoleCommandRunner.php(71): CConsoleCommand->run(Array)
#8 /var/www/html/yii/framework/console/CConsoleApplication.php(92): CConsoleCommandRunner->run(Array)
#9 /var/www/html/yii/framework/base/CApplication.php(185): CConsoleApplication->processRequest()
#10 /var/www/html/yii/framework/yiic.php(33): CApplication->run()
#11 /var/www/html/yii/desafio/protected/yiic.php(7): require_once('/var/www/html/y...')
#12 /var/www/html/yii/desafio/protected/yiic(4): require_once('/var/www/html/y...')
#13 {main}
---
2017/02/26 22:27:11 [error] [exception.CException] exception 'CException' with message 'Property "Post.created_at" is not defined.' in /var/www/html/yii/framework/base/CComponent.php:130
Stack trace:
#0 /var/www/html/yii/framework/db/ar/CActiveRecord.php(145): CComponent->__get('created_at')
#1 /var/www/html/yii/framework/web/helpers/CHtml.php(2747): CActiveRecord->__get('created_at')
#2 /var/www/html/yii/framework/web/helpers/CHtml.php(2470): CHtml::resolveValue(Object(Post), 'created_at')
#3 /var/www/html/yii/framework/web/helpers/CHtml.php(1540): CHtml::activeInputField('text', Object(Post), 'created_at', Array)
#4 /var/www/html/yii/framework/web/widgets/CActiveForm.php(792): CHtml::activeTextField(Object(Post), 'created_at', Array)
#5 /var/www/html/yii/desafio/protected/views/post/_search.php(41): CActiveForm->textField(Object(Post), 'created_at')
#6 /var/www/html/yii/framework/web/CBaseController.php(126): require('/var/www/html/y...')
#7 /var/www/html/yii/framework/web/CBaseController.php(95): CBaseController->renderInternal('/var/www/html/y...', Array, true)
#8 /var/www/html/yii/framework/web/CController.php(872): CBaseController->renderFile('/var/www/html/y...', Array, true)
#9 /var/www/html/yii/desafio/protected/views/post/admin.php(40): CController->renderPartial('_search', Array)
#10 /var/www/html/yii/framework/web/CBaseController.php(126): require('/var/www/html/y...')
#11 /var/www/html/yii/framework/web/CBaseController.php(95): CBaseController->renderInternal('/var/www/html/y...', Array, true)
#12 /var/www/html/yii/framework/web/CController.php(872): CBaseController->renderFile('/var/www/html/y...', Array, true)
#13 /var/www/html/yii/framework/web/CController.php(785): CController->renderPartial('admin', Array, true)
#14 /var/www/html/yii/desafio/protected/controllers/PostController.php(145): CController->render('admin', Array)
#15 /var/www/html/yii/framework/web/actions/CInlineAction.php(49): PostController->actionAdmin()
#16 /var/www/html/yii/framework/web/CController.php(308): CInlineAction->runWithParams(Array)
#17 /var/www/html/yii/framework/web/filters/CFilterChain.php(134): CController->runAction(Object(CInlineAction))
#18 /var/www/html/yii/framework/web/filters/CFilter.php(40): CFilterChain->run()
#19 /var/www/html/yii/framework/web/CController.php(1148): CFilter->filter(Object(CFilterChain))
#20 /var/www/html/yii/framework/web/filters/CInlineFilter.php(58): CController->filterAccessControl(Object(CFilterChain))
#21 /var/www/html/yii/framework/web/filters/CFilterChain.php(131): CInlineFilter->filter(Object(CFilterChain))
#22 /var/www/html/yii/framework/web/CController.php(291): CFilterChain->run()
#23 /var/www/html/yii/framework/web/CController.php(265): CController->runActionWithFilters(Object(CInlineAction), Array)
#24 /var/www/html/yii/framework/web/CWebApplication.php(282): CController->run('admin')
#25 /var/www/html/yii/framework/web/CWebApplication.php(141): CWebApplication->runController('post/admin')
#26 /var/www/html/yii/framework/base/CApplication.php(185): CWebApplication->processRequest()
#27 /var/www/html/yii/desafio/index.php(13): CApplication->run()
#28 {main}
REQUEST_URI=/index.php?r=post/admin
HTTP_REFERER=http://localhost:8003/index.php?r=post/create
---
2017/02/26 22:27:49 [error] [php] Undefined offset: 0 (/var/www/html/yii/framework/db/CDbCommand.php:1518)
Stack trace:
#0 /var/www/html/yii/desafio/protected/migrations/m170227_011610_insert_administrador_into_administrador.php(18): m170227_011610_insert_administrador_into_administrador->delete()
#1 /var/www/html/yii/framework/cli/commands/MigrateCommand.php(440): m170227_011610_insert_administrador_into_administrador->down()
#2 /var/www/html/yii/framework/cli/commands/MigrateCommand.php(145): MigrateCommand->migrateDown()
#3 unknown(0): MigrateCommand->actionDown()
#4 /var/www/html/yii/framework/console/CConsoleCommand.php(172): ReflectionMethod->invokeArgs()
#5 /var/www/html/yii/framework/console/CConsoleCommandRunner.php(71): MigrateCommand->run()
#6 /var/www/html/yii/framework/console/CConsoleApplication.php(92): CConsoleCommandRunner->run()
#7 /var/www/html/yii/framework/base/CApplication.php(185): CConsoleApplication->processRequest()
#8 /var/www/html/yii/framework/yiic.php(33): CConsoleApplication->run()
#9 /var/www/html/yii/desafio/protected/yiic.php(7): require_once()
#10 /var/www/html/yii/desafio/protected/yiic(4): require_once()

2017/02/26 22:28:44 [error] [php] Undefined offset: 0 (/var/www/html/yii/framework/db/CDbCommand.php:1518)
Stack trace:
#0 /var/www/html/yii/desafio/protected/migrations/m170227_011610_insert_administrador_into_administrador.php(18): m170227_011610_insert_administrador_into_administrador->delete()
#1 /var/www/html/yii/framework/cli/commands/MigrateCommand.php(440): m170227_011610_insert_administrador_into_administrador->down()
#2 /var/www/html/yii/framework/cli/commands/MigrateCommand.php(145): MigrateCommand->migrateDown()
#3 unknown(0): MigrateCommand->actionDown()
#4 /var/www/html/yii/framework/console/CConsoleCommand.php(172): ReflectionMethod->invokeArgs()
#5 /var/www/html/yii/framework/console/CConsoleCommandRunner.php(71): MigrateCommand->run()
#6 /var/www/html/yii/framework/console/CConsoleApplication.php(92): CConsoleCommandRunner->run()
#7 /var/www/html/yii/framework/base/CApplication.php(185): CConsoleApplication->processRequest()
#8 /var/www/html/yii/framework/yiic.php(33): CConsoleApplication->run()
#9 /var/www/html/yii/desafio/protected/yiic.php(7): require_once()
#10 /var/www/html/yii/desafio/protected/yiic(4): require_once()

2017/02/26 22:30:27 [error] [php] strtoupper() expects parameter 1 to be string, array given (/var/www/html/yii/framework/db/CDbCommand.php:1518)
Stack trace:
#0 /var/www/html/yii/framework/db/CDbMigration.php(227): CDbCommand->delete()
#1 /var/www/html/yii/desafio/protected/migrations/m170227_011610_insert_administrador_into_administrador.php(18): m170227_011610_insert_administrador_into_administrador->delete()
#2 /var/www/html/yii/framework/cli/commands/MigrateCommand.php(440): m170227_011610_insert_administrador_into_administrador->down()
#3 /var/www/html/yii/framework/cli/commands/MigrateCommand.php(145): MigrateCommand->migrateDown()
#4 unknown(0): MigrateCommand->actionDown()
#5 /var/www/html/yii/framework/console/CConsoleCommand.php(172): ReflectionMethod->invokeArgs()
#6 /var/www/html/yii/framework/console/CConsoleCommandRunner.php(71): MigrateCommand->run()
#7 /var/www/html/yii/framework/console/CConsoleApplication.php(92): CConsoleCommandRunner->run()
#8 /var/www/html/yii/framework/base/CApplication.php(185): CConsoleApplication->processRequest()
#9 /var/www/html/yii/framework/yiic.php(33): CConsoleApplication->run()
#10 /var/www/html/yii/desafio/protected/yiic.php(7): require_once()
#11 /var/www/html/yii/desafio/protected/yiic(4): require_once()

2017/02/26 22:31:52 [error] [exception.CException] exception 'CException' with message 'Property "Post.created_at" is not defined.' in /var/www/html/yii/framework/base/CComponent.php:130
Stack trace:
#0 /var/www/html/yii/framework/db/ar/CActiveRecord.php(145): CComponent->__get('created_at')
#1 /var/www/html/yii/framework/web/helpers/CHtml.php(2747): CActiveRecord->__get('created_at')
#2 /var/www/html/yii/framework/web/helpers/CHtml.php(2470): CHtml::resolveValue(Object(Post), 'created_at')
#3 /var/www/html/yii/framework/web/helpers/CHtml.php(1540): CHtml::activeInputField('text', Object(Post), 'created_at', Array)
#4 /var/www/html/yii/framework/web/widgets/CActiveForm.php(792): CHtml::activeTextField(Object(Post), 'created_at', Array)
#5 /var/www/html/yii/desafio/protected/views/post/_search.php(41): CActiveForm->textField(Object(Post), 'created_at')
#6 /var/www/html/yii/framework/web/CBaseController.php(126): require('/var/www/html/y...')
#7 /var/www/html/yii/framework/web/CBaseController.php(95): CBaseController->renderInternal('/var/www/html/y...', Array, true)
#8 /var/www/html/yii/framework/web/CController.php(872): CBaseController->renderFile('/var/www/html/y...', Array, true)
#9 /var/www/html/yii/desafio/protected/views/post/admin.php(40): CController->renderPartial('_search', Array)
#10 /var/www/html/yii/framework/web/CBaseController.php(126): require('/var/www/html/y...')
#11 /var/www/html/yii/framework/web/CBaseController.php(95): CBaseController->renderInternal('/var/www/html/y...', Array, true)
#12 /var/www/html/yii/framework/web/CController.php(872): CBaseController->renderFile('/var/www/html/y...', Array, true)
#13 /var/www/html/yii/framework/web/CController.php(785): CController->renderPartial('admin', Array, true)
#14 /var/www/html/yii/desafio/protected/controllers/PostController.php(145): CController->render('admin', Array)
#15 /var/www/html/yii/framework/web/actions/CInlineAction.php(49): PostController->actionAdmin()
#16 /var/www/html/yii/framework/web/CController.php(308): CInlineAction->runWithParams(Array)
#17 /var/www/html/yii/framework/web/filters/CFilterChain.php(134): CController->runAction(Object(CInlineAction))
#18 /var/www/html/yii/framework/web/filters/CFilter.php(40): CFilterChain->run()
#19 /var/www/html/yii/framework/web/CController.php(1148): CFilter->filter(Object(CFilterChain))
#20 /var/www/html/yii/framework/web/filters/CInlineFilter.php(58): CController->filterAccessControl(Object(CFilterChain))
#21 /var/www/html/yii/framework/web/filters/CFilterChain.php(131): CInlineFilter->filter(Object(CFilterChain))
#22 /var/www/html/yii/framework/web/CController.php(291): CFilterChain->run()
#23 /var/www/html/yii/framework/web/CController.php(265): CController->runActionWithFilters(Object(CInlineAction), Array)
#24 /var/www/html/yii/framework/web/CWebApplication.php(282): CController->run('admin')
#25 /var/www/html/yii/framework/web/CWebApplication.php(141): CWebApplication->runController('post/admin')
#26 /var/www/html/yii/framework/base/CApplication.php(185): CWebApplication->processRequest()
#27 /var/www/html/yii/desafio/index.php(13): CApplication->run()
#28 {main}
REQUEST_URI=/index.php?r=post/admin
HTTP_REFERER=http://localhost:8003/index.php?r=post/index
---
2017/02/26 22:32:55 [error] [exception.CException] exception 'CException' with message 'Property "Post.created_at" is not defined.' in /var/www/html/yii/framework/base/CComponent.php:130
Stack trace:
#0 /var/www/html/yii/framework/db/ar/CActiveRecord.php(145): CComponent->__get('created_at')
#1 /var/www/html/yii/framework/web/helpers/CHtml.php(2747): CActiveRecord->__get('created_at')
#2 /var/www/html/yii/framework/web/helpers/CHtml.php(2470): CHtml::resolveValue(Object(Post), 'created_at')
#3 /var/www/html/yii/framework/web/helpers/CHtml.php(1540): CHtml::activeInputField('text', Object(Post), 'created_at', Array)
#4 /var/www/html/yii/framework/web/widgets/CActiveForm.php(792): CHtml::activeTextField(Object(Post), 'created_at', Array)
#5 /var/www/html/yii/desafio/protected/views/post/_search.php(41): CActiveForm->textField(Object(Post), 'created_at')
#6 /var/www/html/yii/framework/web/CBaseController.php(126): require('/var/www/html/y...')
#7 /var/www/html/yii/framework/web/CBaseController.php(95): CBaseController->renderInternal('/var/www/html/y...', Array, true)
#8 /var/www/html/yii/framework/web/CController.php(872): CBaseController->renderFile('/var/www/html/y...', Array, true)
#9 /var/www/html/yii/desafio/protected/views/post/admin.php(40): CController->renderPartial('_search', Array)
#10 /var/www/html/yii/framework/web/CBaseController.php(126): require('/var/www/html/y...')
#11 /var/www/html/yii/framework/web/CBaseController.php(95): CBaseController->renderInternal('/var/www/html/y...', Array, true)
#12 /var/www/html/yii/framework/web/CController.php(872): CBaseController->renderFile('/var/www/html/y...', Array, true)
#13 /var/www/html/yii/framework/web/CController.php(785): CController->renderPartial('admin', Array, true)
#14 /var/www/html/yii/desafio/protected/controllers/PostController.php(145): CController->render('admin', Array)
#15 /var/www/html/yii/framework/web/actions/CInlineAction.php(49): PostController->actionAdmin()
#16 /var/www/html/yii/framework/web/CController.php(308): CInlineAction->runWithParams(Array)
#17 /var/www/html/yii/framework/web/filters/CFilterChain.php(134): CController->runAction(Object(CInlineAction))
#18 /var/www/html/yii/framework/web/filters/CFilter.php(40): CFilterChain->run()
#19 /var/www/html/yii/framework/web/CController.php(1148): CFilter->filter(Object(CFilterChain))
#20 /var/www/html/yii/framework/web/filters/CInlineFilter.php(58): CController->filterAccessControl(Object(CFilterChain))
#21 /var/www/html/yii/framework/web/filters/CFilterChain.php(131): CInlineFilter->filter(Object(CFilterChain))
#22 /var/www/html/yii/framework/web/CController.php(291): CFilterChain->run()
#23 /var/www/html/yii/framework/web/CController.php(265): CController->runActionWithFilters(Object(CInlineAction), Array)
#24 /var/www/html/yii/framework/web/CWebApplication.php(282): CController->run('admin')
#25 /var/www/html/yii/framework/web/CWebApplication.php(141): CWebApplication->runController('post/admin')
#26 /var/www/html/yii/framework/base/CApplication.php(185): CWebApplication->processRequest()
#27 /var/www/html/yii/desafio/index.php(13): CApplication->run()
#28 {main}
REQUEST_URI=/index.php?r=post/admin
HTTP_REFERER=http://localhost:8003/index.php?r=post/index
---
2017/02/26 22:33:03 [error] [exception.CException] exception 'CException' with message 'Property "Post.created_at" is not defined.' in /var/www/html/yii/framework/base/CComponent.php:130
Stack trace:
#0 /var/www/html/yii/framework/db/ar/CActiveRecord.php(145): CComponent->__get('created_at')
#1 /var/www/html/yii/framework/web/helpers/CHtml.php(2747): CActiveRecord->__get('created_at')
#2 /var/www/html/yii/framework/web/helpers/CHtml.php(2470): CHtml::resolveValue(Object(Post), 'created_at')
#3 /var/www/html/yii/framework/web/helpers/CHtml.php(1540): CHtml::activeInputField('text', Object(Post), 'created_at', Array)
#4 /var/www/html/yii/framework/web/widgets/CActiveForm.php(792): CHtml::activeTextField(Object(Post), 'created_at', Array)
#5 /var/www/html/yii/desafio/protected/views/post/_search.php(41): CActiveForm->textField(Object(Post), 'created_at')
#6 /var/www/html/yii/framework/web/CBaseController.php(126): require('/var/www/html/y...')
#7 /var/www/html/yii/framework/web/CBaseController.php(95): CBaseController->renderInternal('/var/www/html/y...', Array, true)
#8 /var/www/html/yii/framework/web/CController.php(872): CBaseController->renderFile('/var/www/html/y...', Array, true)
#9 /var/www/html/yii/desafio/protected/views/post/admin.php(40): CController->renderPartial('_search', Array)
#10 /var/www/html/yii/framework/web/CBaseController.php(126): require('/var/www/html/y...')
#11 /var/www/html/yii/framework/web/CBaseController.php(95): CBaseController->renderInternal('/var/www/html/y...', Array, true)
#12 /var/www/html/yii/framework/web/CController.php(872): CBaseController->renderFile('/var/www/html/y...', Array, true)
#13 /var/www/html/yii/framework/web/CController.php(785): CController->renderPartial('admin', Array, true)
#14 /var/www/html/yii/desafio/protected/controllers/PostController.php(145): CController->render('admin', Array)
#15 /var/www/html/yii/framework/web/actions/CInlineAction.php(49): PostController->actionAdmin()
#16 /var/www/html/yii/framework/web/CController.php(308): CInlineAction->runWithParams(Array)
#17 /var/www/html/yii/framework/web/filters/CFilterChain.php(134): CController->runAction(Object(CInlineAction))
#18 /var/www/html/yii/framework/web/filters/CFilter.php(40): CFilterChain->run()
#19 /var/www/html/yii/framework/web/CController.php(1148): CFilter->filter(Object(CFilterChain))
#20 /var/www/html/yii/framework/web/filters/CInlineFilter.php(58): CController->filterAccessControl(Object(CFilterChain))
#21 /var/www/html/yii/framework/web/filters/CFilterChain.php(131): CInlineFilter->filter(Object(CFilterChain))
#22 /var/www/html/yii/framework/web/CController.php(291): CFilterChain->run()
#23 /var/www/html/yii/framework/web/CController.php(265): CController->runActionWithFilters(Object(CInlineAction), Array)
#24 /var/www/html/yii/framework/web/CWebApplication.php(282): CController->run('admin')
#25 /var/www/html/yii/framework/web/CWebApplication.php(141): CWebApplication->runController('post/admin')
#26 /var/www/html/yii/framework/base/CApplication.php(185): CWebApplication->processRequest()
#27 /var/www/html/yii/desafio/index.php(13): CApplication->run()
#28 {main}
REQUEST_URI=/index.php?r=post/admin
HTTP_REFERER=http://localhost:8003/index.php?r=post/index
---
2017/02/26 22:39:36 [error] [system.db.CDbCommand] CDbCommand::execute() failed: SQLSTATE[0A000]: Feature not supported: 7 ERROR:  cannot truncate a table referenced in a foreign key constraint
DETAIL:  Table "posts" references "categorias".
HINT:  Truncate table "posts" at the same time, or use TRUNCATE ... CASCADE.. The SQL statement executed was: TRUNCATE TABLE "categorias".
2017/02/26 22:39:36 [error] [exception.CDbException] exception 'CDbException' with message 'CDbCommand failed to execute the SQL statement: SQLSTATE[0A000]: Feature not supported: 7 ERROR:  cannot truncate a table referenced in a foreign key constraint
DETAIL:  Table "posts" references "categorias".
HINT:  Truncate table "posts" at the same time, or use TRUNCATE ... CASCADE.. The SQL statement executed was: TRUNCATE TABLE "categorias"' in /var/www/html/yii/framework/db/CDbCommand.php:358
Stack trace:
#0 /var/www/html/yii/framework/db/CDbCommand.php(1387): CDbCommand->execute()
#1 /var/www/html/yii/framework/db/CDbMigration.php(287): CDbCommand->truncateTable('categorias')
#2 /var/www/html/yii/desafio/protected/migrations/m170227_013536_insert_categoria_into_categorias.php(14): CDbMigration->truncateTable('categorias')
#3 /var/www/html/yii/framework/cli/commands/MigrateCommand.php(440): m170227_013536_insert_categoria_into_categorias->down()
#4 /var/www/html/yii/framework/cli/commands/MigrateCommand.php(145): MigrateCommand->migrateDown('m170227_013536_...')
#5 [internal function]: MigrateCommand->actionDown(Array)
#6 /var/www/html/yii/framework/console/CConsoleCommand.php(172): ReflectionMethod->invokeArgs(Object(MigrateCommand), Array)
#7 /var/www/html/yii/framework/console/CConsoleCommandRunner.php(71): CConsoleCommand->run(Array)
#8 /var/www/html/yii/framework/console/CConsoleApplication.php(92): CConsoleCommandRunner->run(Array)
#9 /var/www/html/yii/framework/base/CApplication.php(185): CConsoleApplication->processRequest()
#10 /var/www/html/yii/framework/yiic.php(33): CApplication->run()
#11 /var/www/html/yii/desafio/protected/yiic.php(7): require_once('/var/www/html/y...')
#12 /var/www/html/yii/desafio/protected/yiic(4): require_once('/var/www/html/y...')
#13 {main}
---
2017/02/26 22:43:55 [error] [php] Undefined offset: 0 (/var/www/html/yii/framework/db/CDbCommand.php:1518)
Stack trace:
#0 /var/www/html/yii/desafio/protected/migrations/m170227_013536_insert_categoria_into_categorias.php(14): m170227_013536_insert_categoria_into_categorias->delete()
#1 /var/www/html/yii/framework/cli/commands/MigrateCommand.php(440): m170227_013536_insert_categoria_into_categorias->down()
#2 /var/www/html/yii/framework/cli/commands/MigrateCommand.php(145): MigrateCommand->migrateDown()
#3 unknown(0): MigrateCommand->actionDown()
#4 /var/www/html/yii/framework/console/CConsoleCommand.php(172): ReflectionMethod->invokeArgs()
#5 /var/www/html/yii/framework/console/CConsoleCommandRunner.php(71): MigrateCommand->run()
#6 /var/www/html/yii/framework/console/CConsoleApplication.php(92): CConsoleCommandRunner->run()
#7 /var/www/html/yii/framework/base/CApplication.php(185): CConsoleApplication->processRequest()
#8 /var/www/html/yii/framework/yiic.php(33): CConsoleApplication->run()
#9 /var/www/html/yii/desafio/protected/yiic.php(7): require_once()
#10 /var/www/html/yii/desafio/protected/yiic(4): require_once()

2017/02/26 22:47:09 [error] [php] Undefined offset: 0 (/var/www/html/yii/framework/db/CDbCommand.php:1518)
Stack trace:
#0 /var/www/html/yii/desafio/protected/migrations/m170227_013536_insert_categoria_into_categorias.php(14): m170227_013536_insert_categoria_into_categorias->delete()
#1 /var/www/html/yii/framework/cli/commands/MigrateCommand.php(440): m170227_013536_insert_categoria_into_categorias->down()
#2 /var/www/html/yii/framework/cli/commands/MigrateCommand.php(145): MigrateCommand->migrateDown()
#3 unknown(0): MigrateCommand->actionDown()
#4 /var/www/html/yii/framework/console/CConsoleCommand.php(172): ReflectionMethod->invokeArgs()
#5 /var/www/html/yii/framework/console/CConsoleCommandRunner.php(71): MigrateCommand->run()
#6 /var/www/html/yii/framework/console/CConsoleApplication.php(92): CConsoleCommandRunner->run()
#7 /var/www/html/yii/framework/base/CApplication.php(185): CConsoleApplication->processRequest()
#8 /var/www/html/yii/framework/yiic.php(33): CConsoleApplication->run()
#9 /var/www/html/yii/desafio/protected/yiic.php(7): require_once()
#10 /var/www/html/yii/desafio/protected/yiic(4): require_once()

